#
# A fatal error has been detected by the Java Runtime Environment:
#
#  SIGSEGV (0xb) at pc=0x00007f516f36b77f, pid=7585, tid=7589
#
# JRE version: OpenJDK Runtime Environment (11.0.18+10) (build 11.0.18+10-post-Ubuntu-0ubuntu122.04)
# Java VM: OpenJDK 64-Bit Server VM (11.0.18+10-post-Ubuntu-0ubuntu122.04, mixed mode, sharing, tiered, compressed oops, g1 gc, linux-amd64)
# Problematic frame:
# V  [libjvm.so+0x76b77f]
#
# Core dump will be written. Default location: Core dumps may be processed with "/usr/share/apport/apport -p%p -s%s -c%c -d%d -P%P -u%u -g%g -- %E" (or dumping to /home/mekhailmuller/University/COS 301/miniproject-2023-Group-2/core.7585)
#
# If you would like to submit a bug report, please visit:
#   https://bugs.launchpad.net/ubuntu/+source/openjdk-lts
#

---------------  S U M M A R Y ------------

Command Line: -Duser.language=en /home/mekhailmuller/.cache/firebase/emulators/firebase-database-emulator-v4.11.0.jar --host 127.0.0.1 --port 5004 --single_project_mode Warning --functions_emulator_host 127.0.0.1 --functions_emulator_port 5005

Host: AMD Ryzen 5 1600X Six-Core Processor, 12 cores, 31G, Pop!_OS 22.04 LTS
Time: Wed Apr 26 21:32:35 2023 SAST elapsed time: 1.287475 seconds (0d 0h 0m 1s)

---------------  T H R E A D  ---------------

Current thread (0x00007f516806c000):  ConcurrentGCThread "G1 Conc#0" [stack: 0x00007f516c875000,0x00007f516c975000] [id=7589]

Stack: [0x00007f516c875000,0x00007f516c975000],  sp=0x00007f516c973c50,  free space=1019k
Native frames: (J=compiled Java code, A=aot compiled Java code, j=interpreted, Vv=VM code, C=native code)
V  [libjvm.so+0x76b77f]
V  [libjvm.so+0x76392d]
V  [libjvm.so+0x76bdfb]
V  [libjvm.so+0xed5d1e]
V  [libjvm.so+0xe39c00]
V  [libjvm.so+0xbf6fde]


siginfo: si_signo: 11 (SIGSEGV), si_code: 128 (SI_KERNEL), si_addr: 0x0000000000000000

Register to memory mapping:

RAX=0x00007f513a678000 points into unknown readable memory: 0x0000000000000000 | 00 00 00 00 00 00 00 00
RBX=0x0000000200000000 is an unknown value
RCX=0x0 is NULL
RDX=0x00007f51680597e0 points into unknown readable memory: 0x000000060b800000 | 00 00 80 0b 06 00 00 00
RSP=0x00007f516c973c50 points into unknown readable memory: 0x000000080036d0c8 | c8 d0 36 00 08 00 00 00
RBP=0x00007f516c973ca0 points into unknown readable memory: 0x00007f516c973d20 | 20 3d 97 6c 51 7f 00 00
RSI=0x04007f512a398000 is an unknown value
RDI=0x0000000000000001 is an unknown value
R8 =0x0000000628b426b8 points into unknown readable memory: 0x0000000840012a98 | 98 2a 01 40 08 00 00 00
R9 =0x0 is NULL
R10=0x0 is NULL
R11=0x0000000004000000 is an unknown value
R12=0x0000000628b42694 points into unknown readable memory: 00 00 00 40
R13=0x000000080036d0c0 is pointing into metadata
R14=0x00007f516c973cc0 points into unknown readable memory: 0x00007f516fd835d0 | d0 35 d8 6f 51 7f 00 00
R15=0x00007f5168059790 points into unknown readable memory: 0x00007f516806a000 | 00 a0 06 68 51 7f 00 00


Registers:
RAX=0x00007f513a678000, RBX=0x0000000200000000, RCX=0x0000000000000000, RDX=0x00007f51680597e0
RSP=0x00007f516c973c50, RBP=0x00007f516c973ca0, RSI=0x04007f512a398000, RDI=0x0000000000000001
R8 =0x0000000628b426b8, R9 =0x0000000000000000, R10=0x0000000000000000, R11=0x0000000004000000
R12=0x0000000628b42694, R13=0x000000080036d0c0, R14=0x00007f516c973cc0, R15=0x00007f5168059790
RIP=0x00007f516f36b77f, EFLAGS=0x0000000000010246, CSGSFS=0x002b000000000033, ERR=0x0000000000000000
  TRAPNO=0x000000000000000d

Top of Stack: (sp=0x00007f516c973c50)
0x00007f516c973c50:   000000080036d0c8 0000000628b42668
0x00007f516c973c60:   000000000000ad00 00000007bfe03568
0x00007f516c973c70:   00007f516c973ca0 0000000628c00000
0x00007f516c973c80:   0000000000000240 00007f516fe88380 

Instructions: (pc=0x00007f516f36b77f)
0x00007f516f36b67f:   89 fe 41 55 41 54 53 48 89 d3 48 83 ec 28 48 8b
0x00007f516f36b68f:   ba 98 00 00 00 48 89 75 b8 ba 01 00 00 00 4c 89
0x00007f516f36b69f:   f6 e8 4b c6 e5 ff 48 89 df e8 23 bd 2c 00 48 63
0x00007f516f36b6af:   93 34 01 00 00 49 89 c0 48 63 83 c4 00 00 00 48
0x00007f516f36b6bf:   01 d0 4d 8d 2c c0 8b 83 30 01 00 00 49 8d 44 c5
0x00007f516f36b6cf:   00 48 89 45 b0 49 39 c5 0f 83 ee 00 00 00 0f 1f
0x00007f516f36b6df:   00 41 8b 45 04 4d 63 65 00 4c 03 65 b8 4d 8d 04
0x00007f516f36b6ef:   84 4d 39 c4 0f 83 c4 00 00 00 0f 1f 80 00 00 00
0x00007f516f36b6ff:   00 41 8b 1c 24 85 db 0f 84 a4 00 00 00 48 8d 05
0x00007f516f36b70f:   8d 11 af 00 4d 8b 7e 18 45 8b 56 20 8b 48 08 48
0x00007f516f36b71f:   d3 e3 48 03 18 49 8b 47 08 48 89 da 8b 88 c0 02
0x00007f516f36b72f:   00 00 48 8b 80 b0 02 00 00 48 d3 ea 48 8b 04 d0
0x00007f516f36b73f:   48 3b 98 60 01 00 00 73 68 49 8b 97 90 00 00 00
0x00007f516f36b74f:   48 89 d9 bf 01 00 00 00 48 2b 0a 48 89 c8 8b 4a
0x00007f516f36b75f:   10 48 c1 e8 03 48 d3 e8 48 89 c1 48 89 c6 48 8b
0x00007f516f36b76f:   42 18 48 c1 ee 06 83 e1 3f 48 8d 34 f0 48 d3 e7
0x00007f516f36b77f:   48 8b 0e eb 18 0f 1f 40 00 48 89 c8 f0 48 0f b1
0x00007f516f36b78f:   16 48 39 c1 0f 84 57 01 00 00 48 89 c1 48 89 fa
0x00007f516f36b79f:   48 09 ca 48 39 d1 75 e1 66 0f 1f 84 00 00 00 00
0x00007f516f36b7af:   00 49 83 c4 04 4d 39 e0 0f 87 43 ff ff ff 49 83
0x00007f516f36b7bf:   c5 08 4c 39 6d b0 0f 87 15 ff ff ff 48 8b 7d b8
0x00007f516f36b7cf:   e8 3c e5 10 00 48 85 c0 74 16 48 8b b8 98 00 00
0x00007f516f36b7df:   00 31 c9 ba 01 00 00 00 4c 89 f6 e8 01 c5 e5 ff
0x00007f516f36b7ef:   48 8d 05 da fa b1 00 48 8b 7d b8 4c 63 20 49 01
0x00007f516f36b7ff:   fc e8 8b e1 10 00 41 b9 01 00 00 00 48 98 4d 8d
0x00007f516f36b80f:   2c 84 4d 39 ec 0f 83 c3 00 00 00 66 0f 1f 44 00
0x00007f516f36b81f:   00 41 8b 04 24 85 c0 0f 84 a4 00 00 00 89 c3 48
0x00007f516f36b82f:   8d 05 6b 10 af 00 4d 8b 7e 18 45 8b 46 20 8b 48
0x00007f516f36b83f:   08 48 d3 e3 48 03 18 49 8b 47 08 48 89 da 8b 88
0x00007f516f36b84f:   c0 02 00 00 48 8b 80 b0 02 00 00 48 d3 ea 48 8b
0x00007f516f36b85f:   04 d0 48 3b 98 60 01 00 00 73 66 49 8b 97 90 00
0x00007f516f36b86f:   00 00 48 89 d9 4c 89 cf 48 2b 0a 48 89 c8 8b 4a 


Stack slot to memory mapping:
stack at sp + 0 slots: 0x000000080036d0c8 is pointing into metadata
stack at sp + 1 slots: 0x0000000628b42668 points into unknown readable memory: 0x00000027a5f88011 | 11 80 f8 a5 27 00 00 00
stack at sp + 2 slots: 0x000000000000ad00 is an unknown value
stack at sp + 3 slots: 0x00000007bfe03568 points into unknown readable memory: 0x00000074db0d8401 | 01 84 0d db 74 00 00 00
stack at sp + 4 slots: 0x00007f516c973ca0 points into unknown readable memory: 0x00007f516c973d20 | 20 3d 97 6c 51 7f 00 00
stack at sp + 5 slots: 0x0000000628c00000 is an unallocated location in the heap
stack at sp + 6 slots: 0x0000000000000240 is an unknown value
stack at sp + 7 slots: 0x00007f516fe88380: <offset 0x0000000001288380> in /usr/lib/jvm/java-11-openjdk-amd64/lib/server/libjvm.so at 0x00007f516ec00000


---------------  P R O C E S S  ---------------

Threads class SMR info:
_java_thread_list=0x00007f516a3cea20, length=12, elements={
0x00007f5168015800, 0x00007f51682a1000, 0x00007f51682ab000, 0x00007f51682b0800,
0x00007f51682b2800, 0x00007f51682b4800, 0x00007f51682b7000, 0x00007f51682b9000,
0x00007f51682fb800, 0x00007f510806e800, 0x00007f510c0a9000, 0x00007f516a3cf000
}

Java Threads: ( => current thread )
  0x00007f5168015800 JavaThread "main" [_thread_in_vm, id=7586, stack(0x00007f516eb00000,0x00007f516ec00000)]
  0x00007f51682a1000 JavaThread "Reference Handler" daemon [_thread_blocked, id=7593, stack(0x00007f51500f9000,0x00007f51501f9000)]
  0x00007f51682ab000 JavaThread "Finalizer" daemon [_thread_blocked, id=7594, stack(0x00007f5138578000,0x00007f5138678000)]
  0x00007f51682b0800 JavaThread "Signal Dispatcher" daemon [_thread_blocked, id=7595, stack(0x00007f5138478000,0x00007f5138578000)]
  0x00007f51682b2800 JavaThread "Service Thread" daemon [_thread_blocked, id=7596, stack(0x00007f5138378000,0x00007f5138478000)]
  0x00007f51682b4800 JavaThread "C2 CompilerThread0" daemon [_thread_blocked, id=7597, stack(0x00007f5138278000,0x00007f5138378000)]
  0x00007f51682b7000 JavaThread "C1 CompilerThread0" daemon [_thread_blocked, id=7598, stack(0x00007f5138178000,0x00007f5138278000)]
  0x00007f51682b9000 JavaThread "Sweeper thread" daemon [_thread_blocked, id=7599, stack(0x00007f5138078000,0x00007f5138178000)]
  0x00007f51682fb800 JavaThread "Common-Cleaner" daemon [_thread_blocked, id=7601, stack(0x00007f512a5fe000,0x00007f512a6fe000)]
  0x00007f510806e800 JavaThread "C2 CompilerThread1" daemon [_thread_blocked, id=7602, stack(0x00007f512a4fe000,0x00007f512a5fe000)]
  0x00007f510c0a9000 JavaThread "C2 CompilerThread2" daemon [_thread_blocked, id=7613, stack(0x00007f512a3fe000,0x00007f512a4fe000)]
  0x00007f516a3cf000 JavaThread "NamespaceSystem-scheduler-1" [_thread_blocked, id=7614, stack(0x00007f5128cf0000,0x00007f5128df0000)]

Other Threads:
  0x00007f516829e000 VMThread "VM Thread" [stack: 0x00007f51501fb000,0x00007f51502fb000] [id=7592]
  0x00007f51682f9800 WatcherThread [stack: 0x00007f512a700000,0x00007f512a800000] [id=7600]
  0x00007f516802f800 GCTaskThread "GC Thread#0" [stack: 0x00007f516e52a000,0x00007f516e62a000] [id=7587]
  0x00007f5120001000 GCTaskThread "GC Thread#1" [stack: 0x00007f512a0fe000,0x00007f512a1fe000] [id=7604]
  0x00007f5120002000 GCTaskThread "GC Thread#2" [stack: 0x00007f5129b00000,0x00007f5129c00000] [id=7605]
  0x00007f5120003800 GCTaskThread "GC Thread#3" [stack: 0x00007f51299fe000,0x00007f5129afe000] [id=7606]
  0x00007f5120005800 GCTaskThread "GC Thread#4" [stack: 0x00007f51298fc000,0x00007f51299fc000] [id=7607]
  0x00007f5120007000 GCTaskThread "GC Thread#5" [stack: 0x00007f51297fa000,0x00007f51298fa000] [id=7608]
  0x00007f5120008800 GCTaskThread "GC Thread#6" [stack: 0x00007f51296f8000,0x00007f51297f8000] [id=7609]
  0x00007f512000a000 GCTaskThread "GC Thread#7" [stack: 0x00007f51295f6000,0x00007f51296f6000] [id=7610]
  0x00007f512000b800 GCTaskThread "GC Thread#8" [stack: 0x00007f51294f4000,0x00007f51295f4000] [id=7611]
  0x00007f512000d000 GCTaskThread "GC Thread#9" [stack: 0x00007f51293f2000,0x00007f51294f2000] [id=7612]
  0x00007f516806a000 ConcurrentGCThread "G1 Main Marker" [stack: 0x00007f516c977000,0x00007f516ca77000] [id=7588]
=>0x00007f516806c000 ConcurrentGCThread "G1 Conc#0" [stack: 0x00007f516c875000,0x00007f516c975000] [id=7589]
  0x00007f5134001000 ConcurrentGCThread "G1 Conc#1" [stack: 0x00007f5128bf0000,0x00007f5128cf0000] [id=7615]
  0x00007f51681f7800 ConcurrentGCThread "G1 Refine#0" [stack: 0x00007f51503ff000,0x00007f51504ff000] [id=7590]
  0x00007f51681f9000 ConcurrentGCThread "G1 Young RemSet Sampling" [stack: 0x00007f51502fd000,0x00007f51503fd000] [id=7591]

Threads with active compile tasks:

VM state:not at safepoint (normal execution)

VM Mutex/Monitor currently owned by a thread:  ([mutex/lock_event])
[0x00007f5168013e30] AdapterHandlerLibrary_lock - owner thread: 0x0000000000000000

Heap address: 0x000000060b800000, size: 8008 MB, Compressed Oops mode: Zero based, Oop shift amount: 3
Narrow klass base: 0x0000000800000000, Narrow klass shift: 3
Compressed class space size: 1073741824 Address: 0x0000000840000000

Heap:
 garbage-first heap   total 518144K, used 6500K [0x000000060b800000, 0x0000000800000000)
  region size 2048K, 3 young (6144K), 2 survivors (4096K)
 Metaspace       used 19707K, capacity 21255K, committed 21504K, reserved 1067008K
  class space    used 2972K, capacity 3249K, committed 3328K, reserved 1048576K
Heap Regions: E=young(eden), S=young(survivor), O=old, HS=humongous(starts), HC=humongous(continues), CS=collection set, F=free, A=archive, TAMS=top-at-mark-start (previous, next)
|   0|0x000000060b800000, 0x000000060b800000, 0x000000060ba00000|  0%| F|  |TAMS 0x000000060b800000, 0x000000060b800000| Untracked 
|   1|0x000000060ba00000, 0x000000060bc00000, 0x000000060bc00000|100%|HS|  |TAMS 0x000000060ba00000, 0x000000060bc00000| Complete 
|   2|0x000000060bc00000, 0x000000060bc00000, 0x000000060be00000|  0%| F|  |TAMS 0x000000060bc00000, 0x000000060bc00000| Untracked 
|   3|0x000000060be00000, 0x000000060be00000, 0x000000060c000000|  0%| F|  |TAMS 0x000000060be00000, 0x000000060be00000| Untracked 
|   4|0x000000060c000000, 0x000000060c000000, 0x000000060c200000|  0%| F|  |TAMS 0x000000060c000000, 0x000000060c000000| Untracked 
|   5|0x000000060c200000, 0x000000060c200000, 0x000000060c400000|  0%| F|  |TAMS 0x000000060c200000, 0x000000060c200000| Untracked 
|   6|0x000000060c400000, 0x000000060c400000, 0x000000060c600000|  0%| F|  |TAMS 0x000000060c400000, 0x000000060c400000| Untracked 
|   7|0x000000060c600000, 0x000000060c600000, 0x000000060c800000|  0%| F|  |TAMS 0x000000060c600000, 0x000000060c600000| Untracked 
|   8|0x000000060c800000, 0x000000060c800000, 0x000000060ca00000|  0%| F|  |TAMS 0x000000060c800000, 0x000000060c800000| Untracked 
|   9|0x000000060ca00000, 0x000000060ca00000, 0x000000060cc00000|  0%| F|  |TAMS 0x000000060ca00000, 0x000000060ca00000| Untracked 
|  10|0x000000060cc00000, 0x000000060cc00000, 0x000000060ce00000|  0%| F|  |TAMS 0x000000060cc00000, 0x000000060cc00000| Untracked 
|  11|0x000000060ce00000, 0x000000060ce00000, 0x000000060d000000|  0%| F|  |TAMS 0x000000060ce00000, 0x000000060ce00000| Untracked 
|  12|0x000000060d000000, 0x000000060d000000, 0x000000060d200000|  0%| F|  |TAMS 0x000000060d000000, 0x000000060d000000| Untracked 
|  13|0x000000060d200000, 0x000000060d200000, 0x000000060d400000|  0%| F|  |TAMS 0x000000060d200000, 0x000000060d200000| Untracked 
|  14|0x000000060d400000, 0x000000060d400000, 0x000000060d600000|  0%| F|  |TAMS 0x000000060d400000, 0x000000060d400000| Untracked 
|  15|0x000000060d600000, 0x000000060d600000, 0x000000060d800000|  0%| F|  |TAMS 0x000000060d600000, 0x000000060d600000| Untracked 
|  16|0x000000060d800000, 0x000000060d800000, 0x000000060da00000|  0%| F|  |TAMS 0x000000060d800000, 0x000000060d800000| Untracked 
|  17|0x000000060da00000, 0x000000060da00000, 0x000000060dc00000|  0%| F|  |TAMS 0x000000060da00000, 0x000000060da00000| Untracked 
|  18|0x000000060dc00000, 0x000000060dc00000, 0x000000060de00000|  0%| F|  |TAMS 0x000000060dc00000, 0x000000060dc00000| Untracked 
|  19|0x000000060de00000, 0x000000060de00000, 0x000000060e000000|  0%| F|  |TAMS 0x000000060de00000, 0x000000060de00000| Untracked 
|  20|0x000000060e000000, 0x000000060e000000, 0x000000060e200000|  0%| F|  |TAMS 0x000000060e000000, 0x000000060e000000| Untracked 
|  21|0x000000060e200000, 0x000000060e200000, 0x000000060e400000|  0%| F|  |TAMS 0x000000060e200000, 0x000000060e200000| Untracked 
|  22|0x000000060e400000, 0x000000060e400000, 0x000000060e600000|  0%| F|  |TAMS 0x000000060e400000, 0x000000060e400000| Untracked 
|  23|0x000000060e600000, 0x000000060e600000, 0x000000060e800000|  0%| F|  |TAMS 0x000000060e600000, 0x000000060e600000| Untracked 
|  24|0x000000060e800000, 0x000000060e800000, 0x000000060ea00000|  0%| F|  |TAMS 0x000000060e800000, 0x000000060e800000| Untracked 
|  25|0x000000060ea00000, 0x000000060ea00000, 0x000000060ec00000|  0%| F|  |TAMS 0x000000060ea00000, 0x000000060ea00000| Untracked 
|  26|0x000000060ec00000, 0x000000060ec00000, 0x000000060ee00000|  0%| F|  |TAMS 0x000000060ec00000, 0x000000060ec00000| Untracked 
|  27|0x000000060ee00000, 0x000000060ee00000, 0x000000060f000000|  0%| F|  |TAMS 0x000000060ee00000, 0x000000060ee00000| Untracked 
|  28|0x000000060f000000, 0x000000060f000000, 0x000000060f200000|  0%| F|  |TAMS 0x000000060f000000, 0x000000060f000000| Untracked 
|  29|0x000000060f200000, 0x000000060f200000, 0x000000060f400000|  0%| F|  |TAMS 0x000000060f200000, 0x000000060f200000| Untracked 
|  30|0x000000060f400000, 0x000000060f400000, 0x000000060f600000|  0%| F|  |TAMS 0x000000060f400000, 0x000000060f400000| Untracked 
|  31|0x000000060f600000, 0x000000060f600000, 0x000000060f800000|  0%| F|  |TAMS 0x000000060f600000, 0x000000060f600000| Untracked 
|  32|0x000000060f800000, 0x000000060f800000, 0x000000060fa00000|  0%| F|  |TAMS 0x000000060f800000, 0x000000060f800000| Untracked 
|  33|0x000000060fa00000, 0x000000060fa00000, 0x000000060fc00000|  0%| F|  |TAMS 0x000000060fa00000, 0x000000060fa00000| Untracked 
|  34|0x000000060fc00000, 0x000000060fc00000, 0x000000060fe00000|  0%| F|  |TAMS 0x000000060fc00000, 0x000000060fc00000| Untracked 
|  35|0x000000060fe00000, 0x000000060fe00000, 0x0000000610000000|  0%| F|  |TAMS 0x000000060fe00000, 0x000000060fe00000| Untracked 
|  36|0x0000000610000000, 0x0000000610000000, 0x0000000610200000|  0%| F|  |TAMS 0x0000000610000000, 0x0000000610000000| Untracked 
|  37|0x0000000610200000, 0x0000000610200000, 0x0000000610400000|  0%| F|  |TAMS 0x0000000610200000, 0x0000000610200000| Untracked 
|  38|0x0000000610400000, 0x0000000610400000, 0x0000000610600000|  0%| F|  |TAMS 0x0000000610400000, 0x0000000610400000| Untracked 
|  39|0x0000000610600000, 0x0000000610600000, 0x0000000610800000|  0%| F|  |TAMS 0x0000000610600000, 0x0000000610600000| Untracked 
|  40|0x0000000610800000, 0x0000000610800000, 0x0000000610a00000|  0%| F|  |TAMS 0x0000000610800000, 0x0000000610800000| Untracked 
|  41|0x0000000610a00000, 0x0000000610a00000, 0x0000000610c00000|  0%| F|  |TAMS 0x0000000610a00000, 0x0000000610a00000| Untracked 
|  42|0x0000000610c00000, 0x0000000610c00000, 0x0000000610e00000|  0%| F|  |TAMS 0x0000000610c00000, 0x0000000610c00000| Untracked 
|  43|0x0000000610e00000, 0x0000000610e00000, 0x0000000611000000|  0%| F|  |TAMS 0x0000000610e00000, 0x0000000610e00000| Untracked 
|  44|0x0000000611000000, 0x0000000611000000, 0x0000000611200000|  0%| F|  |TAMS 0x0000000611000000, 0x0000000611000000| Untracked 
|  45|0x0000000611200000, 0x0000000611200000, 0x0000000611400000|  0%| F|  |TAMS 0x0000000611200000, 0x0000000611200000| Untracked 
|  46|0x0000000611400000, 0x0000000611400000, 0x0000000611600000|  0%| F|  |TAMS 0x0000000611400000, 0x0000000611400000| Untracked 
|  47|0x0000000611600000, 0x0000000611600000, 0x0000000611800000|  0%| F|  |TAMS 0x0000000611600000, 0x0000000611600000| Untracked 
|  48|0x0000000611800000, 0x0000000611800000, 0x0000000611a00000|  0%| F|  |TAMS 0x0000000611800000, 0x0000000611800000| Untracked 
|  49|0x0000000611a00000, 0x0000000611a00000, 0x0000000611c00000|  0%| F|  |TAMS 0x0000000611a00000, 0x0000000611a00000| Untracked 
|  50|0x0000000611c00000, 0x0000000611c00000, 0x0000000611e00000|  0%| F|  |TAMS 0x0000000611c00000, 0x0000000611c00000| Untracked 
|  51|0x0000000611e00000, 0x0000000611e00000, 0x0000000612000000|  0%| F|  |TAMS 0x0000000611e00000, 0x0000000611e00000| Untracked 
|  52|0x0000000612000000, 0x0000000612000000, 0x0000000612200000|  0%| F|  |TAMS 0x0000000612000000, 0x0000000612000000| Untracked 
|  53|0x0000000612200000, 0x0000000612200000, 0x0000000612400000|  0%| F|  |TAMS 0x0000000612200000, 0x0000000612200000| Untracked 
|  54|0x0000000612400000, 0x0000000612400000, 0x0000000612600000|  0%| F|  |TAMS 0x0000000612400000, 0x0000000612400000| Untracked 
|  55|0x0000000612600000, 0x0000000612600000, 0x0000000612800000|  0%| F|  |TAMS 0x0000000612600000, 0x0000000612600000| Untracked 
|  56|0x0000000612800000, 0x0000000612800000, 0x0000000612a00000|  0%| F|  |TAMS 0x0000000612800000, 0x0000000612800000| Untracked 
|  57|0x0000000612a00000, 0x0000000612a00000, 0x0000000612c00000|  0%| F|  |TAMS 0x0000000612a00000, 0x0000000612a00000| Untracked 
|  58|0x0000000612c00000, 0x0000000612c00000, 0x0000000612e00000|  0%| F|  |TAMS 0x0000000612c00000, 0x0000000612c00000| Untracked 
|  59|0x0000000612e00000, 0x0000000612e00000, 0x0000000613000000|  0%| F|  |TAMS 0x0000000612e00000, 0x0000000612e00000| Untracked 
|  60|0x0000000613000000, 0x0000000613000000, 0x0000000613200000|  0%| F|  |TAMS 0x0000000613000000, 0x0000000613000000| Untracked 
|  61|0x0000000613200000, 0x0000000613200000, 0x0000000613400000|  0%| F|  |TAMS 0x0000000613200000, 0x0000000613200000| Untracked 
|  62|0x0000000613400000, 0x0000000613400000, 0x0000000613600000|  0%| F|  |TAMS 0x0000000613400000, 0x0000000613400000| Untracked 
|  63|0x0000000613600000, 0x0000000613600000, 0x0000000613800000|  0%| F|  |TAMS 0x0000000613600000, 0x0000000613600000| Untracked 
|  64|0x0000000613800000, 0x0000000613800000, 0x0000000613a00000|  0%| F|  |TAMS 0x0000000613800000, 0x0000000613800000| Untracked 
|  65|0x0000000613a00000, 0x0000000613a00000, 0x0000000613c00000|  0%| F|  |TAMS 0x0000000613a00000, 0x0000000613a00000| Untracked 
|  66|0x0000000613c00000, 0x0000000613c00000, 0x0000000613e00000|  0%| F|  |TAMS 0x0000000613c00000, 0x0000000613c00000| Untracked 
|  67|0x0000000613e00000, 0x0000000613e00000, 0x0000000614000000|  0%| F|  |TAMS 0x0000000613e00000, 0x0000000613e00000| Untracked 
|  68|0x0000000614000000, 0x0000000614000000, 0x0000000614200000|  0%| F|  |TAMS 0x0000000614000000, 0x0000000614000000| Untracked 
|  69|0x0000000614200000, 0x0000000614200000, 0x0000000614400000|  0%| F|  |TAMS 0x0000000614200000, 0x0000000614200000| Untracked 
|  70|0x0000000614400000, 0x0000000614400000, 0x0000000614600000|  0%| F|  |TAMS 0x0000000614400000, 0x0000000614400000| Untracked 
|  71|0x0000000614600000, 0x0000000614600000, 0x0000000614800000|  0%| F|  |TAMS 0x0000000614600000, 0x0000000614600000| Untracked 
|  72|0x0000000614800000, 0x0000000614800000, 0x0000000614a00000|  0%| F|  |TAMS 0x0000000614800000, 0x0000000614800000| Untracked 
|  73|0x0000000614a00000, 0x0000000614a00000, 0x0000000614c00000|  0%| F|  |TAMS 0x0000000614a00000, 0x0000000614a00000| Untracked 
|  74|0x0000000614c00000, 0x0000000614c00000, 0x0000000614e00000|  0%| F|  |TAMS 0x0000000614c00000, 0x0000000614c00000| Untracked 
|  75|0x0000000614e00000, 0x0000000614e00000, 0x0000000615000000|  0%| F|  |TAMS 0x0000000614e00000, 0x0000000614e00000| Untracked 
|  76|0x0000000615000000, 0x0000000615000000, 0x0000000615200000|  0%| F|  |TAMS 0x0000000615000000, 0x0000000615000000| Untracked 
|  77|0x0000000615200000, 0x0000000615200000, 0x0000000615400000|  0%| F|  |TAMS 0x0000000615200000, 0x0000000615200000| Untracked 
|  78|0x0000000615400000, 0x0000000615400000, 0x0000000615600000|  0%| F|  |TAMS 0x0000000615400000, 0x0000000615400000| Untracked 
|  79|0x0000000615600000, 0x0000000615600000, 0x0000000615800000|  0%| F|  |TAMS 0x0000000615600000, 0x0000000615600000| Untracked 
|  80|0x0000000615800000, 0x0000000615800000, 0x0000000615a00000|  0%| F|  |TAMS 0x0000000615800000, 0x0000000615800000| Untracked 
|  81|0x0000000615a00000, 0x0000000615a00000, 0x0000000615c00000|  0%| F|  |TAMS 0x0000000615a00000, 0x0000000615a00000| Untracked 
|  82|0x0000000615c00000, 0x0000000615c00000, 0x0000000615e00000|  0%| F|  |TAMS 0x0000000615c00000, 0x0000000615c00000| Untracked 
|  83|0x0000000615e00000, 0x0000000615e00000, 0x0000000616000000|  0%| F|  |TAMS 0x0000000615e00000, 0x0000000615e00000| Untracked 
|  84|0x0000000616000000, 0x0000000616000000, 0x0000000616200000|  0%| F|  |TAMS 0x0000000616000000, 0x0000000616000000| Untracked 
|  85|0x0000000616200000, 0x0000000616200000, 0x0000000616400000|  0%| F|  |TAMS 0x0000000616200000, 0x0000000616200000| Untracked 
|  86|0x0000000616400000, 0x0000000616400000, 0x0000000616600000|  0%| F|  |TAMS 0x0000000616400000, 0x0000000616400000| Untracked 
|  87|0x0000000616600000, 0x0000000616600000, 0x0000000616800000|  0%| F|  |TAMS 0x0000000616600000, 0x0000000616600000| Untracked 
|  88|0x0000000616800000, 0x0000000616800000, 0x0000000616a00000|  0%| F|  |TAMS 0x0000000616800000, 0x0000000616800000| Untracked 
|  89|0x0000000616a00000, 0x0000000616a00000, 0x0000000616c00000|  0%| F|  |TAMS 0x0000000616a00000, 0x0000000616a00000| Untracked 
|  90|0x0000000616c00000, 0x0000000616c00000, 0x0000000616e00000|  0%| F|  |TAMS 0x0000000616c00000, 0x0000000616c00000| Untracked 
|  91|0x0000000616e00000, 0x0000000616e00000, 0x0000000617000000|  0%| F|  |TAMS 0x0000000616e00000, 0x0000000616e00000| Untracked 
|  92|0x0000000617000000, 0x0000000617000000, 0x0000000617200000|  0%| F|  |TAMS 0x0000000617000000, 0x0000000617000000| Untracked 
|  93|0x0000000617200000, 0x0000000617200000, 0x0000000617400000|  0%| F|  |TAMS 0x0000000617200000, 0x0000000617200000| Untracked 
|  94|0x0000000617400000, 0x0000000617400000, 0x0000000617600000|  0%| F|  |TAMS 0x0000000617400000, 0x0000000617400000| Untracked 
|  95|0x0000000617600000, 0x0000000617600000, 0x0000000617800000|  0%| F|  |TAMS 0x0000000617600000, 0x0000000617600000| Untracked 
|  96|0x0000000617800000, 0x0000000617800000, 0x0000000617a00000|  0%| F|  |TAMS 0x0000000617800000, 0x0000000617800000| Untracked 
|  97|0x0000000617a00000, 0x0000000617a00000, 0x0000000617c00000|  0%| F|  |TAMS 0x0000000617a00000, 0x0000000617a00000| Untracked 
|  98|0x0000000617c00000, 0x0000000617c00000, 0x0000000617e00000|  0%| F|  |TAMS 0x0000000617c00000, 0x0000000617c00000| Untracked 
|  99|0x0000000617e00000, 0x0000000617e00000, 0x0000000618000000|  0%| F|  |TAMS 0x0000000617e00000, 0x0000000617e00000| Untracked 
| 100|0x0000000618000000, 0x0000000618000000, 0x0000000618200000|  0%| F|  |TAMS 0x0000000618000000, 0x0000000618000000| Untracked 
| 101|0x0000000618200000, 0x0000000618200000, 0x0000000618400000|  0%| F|  |TAMS 0x0000000618200000, 0x0000000618200000| Untracked 
| 102|0x0000000618400000, 0x0000000618400000, 0x0000000618600000|  0%| F|  |TAMS 0x0000000618400000, 0x0000000618400000| Untracked 
| 103|0x0000000618600000, 0x0000000618600000, 0x0000000618800000|  0%| F|  |TAMS 0x0000000618600000, 0x0000000618600000| Untracked 
| 104|0x0000000618800000, 0x0000000618800000, 0x0000000618a00000|  0%| F|  |TAMS 0x0000000618800000, 0x0000000618800000| Untracked 
| 105|0x0000000618a00000, 0x0000000618a00000, 0x0000000618c00000|  0%| F|  |TAMS 0x0000000618a00000, 0x0000000618a00000| Untracked 
| 106|0x0000000618c00000, 0x0000000618c00000, 0x0000000618e00000|  0%| F|  |TAMS 0x0000000618c00000, 0x0000000618c00000| Untracked 
| 107|0x0000000618e00000, 0x0000000618e00000, 0x0000000619000000|  0%| F|  |TAMS 0x0000000618e00000, 0x0000000618e00000| Untracked 
| 108|0x0000000619000000, 0x0000000619000000, 0x0000000619200000|  0%| F|  |TAMS 0x0000000619000000, 0x0000000619000000| Untracked 
| 109|0x0000000619200000, 0x0000000619200000, 0x0000000619400000|  0%| F|  |TAMS 0x0000000619200000, 0x0000000619200000| Untracked 
| 110|0x0000000619400000, 0x0000000619400000, 0x0000000619600000|  0%| F|  |TAMS 0x0000000619400000, 0x0000000619400000| Untracked 
| 111|0x0000000619600000, 0x0000000619600000, 0x0000000619800000|  0%| F|  |TAMS 0x0000000619600000, 0x0000000619600000| Untracked 
| 112|0x0000000619800000, 0x0000000619800000, 0x0000000619a00000|  0%| F|  |TAMS 0x0000000619800000, 0x0000000619800000| Untracked 
| 113|0x0000000619a00000, 0x0000000619a00000, 0x0000000619c00000|  0%| F|  |TAMS 0x0000000619a00000, 0x0000000619a00000| Untracked 
| 114|0x0000000619c00000, 0x0000000619c00000, 0x0000000619e00000|  0%| F|  |TAMS 0x0000000619c00000, 0x0000000619c00000| Untracked 
| 115|0x0000000619e00000, 0x0000000619e00000, 0x000000061a000000|  0%| F|  |TAMS 0x0000000619e00000, 0x0000000619e00000| Untracked 
| 116|0x000000061a000000, 0x000000061a000000, 0x000000061a200000|  0%| F|  |TAMS 0x000000061a000000, 0x000000061a000000| Untracked 
| 117|0x000000061a200000, 0x000000061a200000, 0x000000061a400000|  0%| F|  |TAMS 0x000000061a200000, 0x000000061a200000| Untracked 
| 118|0x000000061a400000, 0x000000061a400000, 0x000000061a600000|  0%| F|  |TAMS 0x000000061a400000, 0x000000061a400000| Untracked 
| 119|0x000000061a600000, 0x000000061a600000, 0x000000061a800000|  0%| F|  |TAMS 0x000000061a600000, 0x000000061a600000| Untracked 
| 120|0x000000061a800000, 0x000000061a800000, 0x000000061aa00000|  0%| F|  |TAMS 0x000000061a800000, 0x000000061a800000| Untracked 
| 121|0x000000061aa00000, 0x000000061aa00000, 0x000000061ac00000|  0%| F|  |TAMS 0x000000061aa00000, 0x000000061aa00000| Untracked 
| 122|0x000000061ac00000, 0x000000061ac00000, 0x000000061ae00000|  0%| F|  |TAMS 0x000000061ac00000, 0x000000061ac00000| Untracked 
| 123|0x000000061ae00000, 0x000000061ae00000, 0x000000061b000000|  0%| F|  |TAMS 0x000000061ae00000, 0x000000061ae00000| Untracked 
| 124|0x000000061b000000, 0x000000061b000000, 0x000000061b200000|  0%| F|  |TAMS 0x000000061b000000, 0x000000061b000000| Untracked 
| 125|0x000000061b200000, 0x000000061b200000, 0x000000061b400000|  0%| F|  |TAMS 0x000000061b200000, 0x000000061b200000| Untracked 
| 126|0x000000061b400000, 0x000000061b400000, 0x000000061b600000|  0%| F|  |TAMS 0x000000061b400000, 0x000000061b400000| Untracked 
| 127|0x000000061b600000, 0x000000061b600000, 0x000000061b800000|  0%| F|  |TAMS 0x000000061b600000, 0x000000061b600000| Untracked 
| 128|0x000000061b800000, 0x000000061b800000, 0x000000061ba00000|  0%| F|  |TAMS 0x000000061b800000, 0x000000061b800000| Untracked 
| 129|0x000000061ba00000, 0x000000061ba00000, 0x000000061bc00000|  0%| F|  |TAMS 0x000000061ba00000, 0x000000061ba00000| Untracked 
| 130|0x000000061bc00000, 0x000000061bc00000, 0x000000061be00000|  0%| F|  |TAMS 0x000000061bc00000, 0x000000061bc00000| Untracked 
| 131|0x000000061be00000, 0x000000061be00000, 0x000000061c000000|  0%| F|  |TAMS 0x000000061be00000, 0x000000061be00000| Untracked 
| 132|0x000000061c000000, 0x000000061c000000, 0x000000061c200000|  0%| F|  |TAMS 0x000000061c000000, 0x000000061c000000| Untracked 
| 133|0x000000061c200000, 0x000000061c200000, 0x000000061c400000|  0%| F|  |TAMS 0x000000061c200000, 0x000000061c200000| Untracked 
| 134|0x000000061c400000, 0x000000061c400000, 0x000000061c600000|  0%| F|  |TAMS 0x000000061c400000, 0x000000061c400000| Untracked 
| 135|0x000000061c600000, 0x000000061c600000, 0x000000061c800000|  0%| F|  |TAMS 0x000000061c600000, 0x000000061c600000| Untracked 
| 136|0x000000061c800000, 0x000000061c800000, 0x000000061ca00000|  0%| F|  |TAMS 0x000000061c800000, 0x000000061c800000| Untracked 
| 137|0x000000061ca00000, 0x000000061ca00000, 0x000000061cc00000|  0%| F|  |TAMS 0x000000061ca00000, 0x000000061ca00000| Untracked 
| 138|0x000000061cc00000, 0x000000061cc00000, 0x000000061ce00000|  0%| F|  |TAMS 0x000000061cc00000, 0x000000061cc00000| Untracked 
| 139|0x000000061ce00000, 0x000000061ce00000, 0x000000061d000000|  0%| F|  |TAMS 0x000000061ce00000, 0x000000061ce00000| Untracked 
| 140|0x000000061d000000, 0x000000061d000000, 0x000000061d200000|  0%| F|  |TAMS 0x000000061d000000, 0x000000061d000000| Untracked 
| 141|0x000000061d200000, 0x000000061d200000, 0x000000061d400000|  0%| F|  |TAMS 0x000000061d200000, 0x000000061d200000| Untracked 
| 142|0x000000061d400000, 0x000000061d400000, 0x000000061d600000|  0%| F|  |TAMS 0x000000061d400000, 0x000000061d400000| Untracked 
| 143|0x000000061d600000, 0x000000061d600000, 0x000000061d800000|  0%| F|  |TAMS 0x000000061d600000, 0x000000061d600000| Untracked 
| 144|0x000000061d800000, 0x000000061d800000, 0x000000061da00000|  0%| F|  |TAMS 0x000000061d800000, 0x000000061d800000| Untracked 
| 145|0x000000061da00000, 0x000000061da00000, 0x000000061dc00000|  0%| F|  |TAMS 0x000000061da00000, 0x000000061da00000| Untracked 
| 146|0x000000061dc00000, 0x000000061dc00000, 0x000000061de00000|  0%| F|  |TAMS 0x000000061dc00000, 0x000000061dc00000| Untracked 
| 147|0x000000061de00000, 0x000000061de00000, 0x000000061e000000|  0%| F|  |TAMS 0x000000061de00000, 0x000000061de00000| Untracked 
| 148|0x000000061e000000, 0x000000061e000000, 0x000000061e200000|  0%| F|  |TAMS 0x000000061e000000, 0x000000061e000000| Untracked 
| 149|0x000000061e200000, 0x000000061e200000, 0x000000061e400000|  0%| F|  |TAMS 0x000000061e200000, 0x000000061e200000| Untracked 
| 150|0x000000061e400000, 0x000000061e400000, 0x000000061e600000|  0%| F|  |TAMS 0x000000061e400000, 0x000000061e400000| Untracked 
| 151|0x000000061e600000, 0x000000061e600000, 0x000000061e800000|  0%| F|  |TAMS 0x000000061e600000, 0x000000061e600000| Untracked 
| 152|0x000000061e800000, 0x000000061e800000, 0x000000061ea00000|  0%| F|  |TAMS 0x000000061e800000, 0x000000061e800000| Untracked 
| 153|0x000000061ea00000, 0x000000061ea00000, 0x000000061ec00000|  0%| F|  |TAMS 0x000000061ea00000, 0x000000061ea00000| Untracked 
| 154|0x000000061ec00000, 0x000000061ec00000, 0x000000061ee00000|  0%| F|  |TAMS 0x000000061ec00000, 0x000000061ec00000| Untracked 
| 155|0x000000061ee00000, 0x000000061ee00000, 0x000000061f000000|  0%| F|  |TAMS 0x000000061ee00000, 0x000000061ee00000| Untracked 
| 156|0x000000061f000000, 0x000000061f000000, 0x000000061f200000|  0%| F|  |TAMS 0x000000061f000000, 0x000000061f000000| Untracked 
| 157|0x000000061f200000, 0x000000061f200000, 0x000000061f400000|  0%| F|  |TAMS 0x000000061f200000, 0x000000061f200000| Untracked 
| 158|0x000000061f400000, 0x000000061f400000, 0x000000061f600000|  0%| F|  |TAMS 0x000000061f400000, 0x000000061f400000| Untracked 
| 159|0x000000061f600000, 0x000000061f600000, 0x000000061f800000|  0%| F|  |TAMS 0x000000061f600000, 0x000000061f600000| Untracked 
| 160|0x000000061f800000, 0x000000061f800000, 0x000000061fa00000|  0%| F|  |TAMS 0x000000061f800000, 0x000000061f800000| Untracked 
| 161|0x000000061fa00000, 0x000000061fa00000, 0x000000061fc00000|  0%| F|  |TAMS 0x000000061fa00000, 0x000000061fa00000| Untracked 
| 162|0x000000061fc00000, 0x000000061fc00000, 0x000000061fe00000|  0%| F|  |TAMS 0x000000061fc00000, 0x000000061fc00000| Untracked 
| 163|0x000000061fe00000, 0x000000061fe00000, 0x0000000620000000|  0%| F|  |TAMS 0x000000061fe00000, 0x000000061fe00000| Untracked 
| 164|0x0000000620000000, 0x0000000620000000, 0x0000000620200000|  0%| F|  |TAMS 0x0000000620000000, 0x0000000620000000| Untracked 
| 165|0x0000000620200000, 0x0000000620200000, 0x0000000620400000|  0%| F|  |TAMS 0x0000000620200000, 0x0000000620200000| Untracked 
| 166|0x0000000620400000, 0x0000000620400000, 0x0000000620600000|  0%| F|  |TAMS 0x0000000620400000, 0x0000000620400000| Untracked 
| 167|0x0000000620600000, 0x0000000620600000, 0x0000000620800000|  0%| F|  |TAMS 0x0000000620600000, 0x0000000620600000| Untracked 
| 168|0x0000000620800000, 0x0000000620800000, 0x0000000620a00000|  0%| F|  |TAMS 0x0000000620800000, 0x0000000620800000| Untracked 
| 169|0x0000000620a00000, 0x0000000620a00000, 0x0000000620c00000|  0%| F|  |TAMS 0x0000000620a00000, 0x0000000620a00000| Untracked 
| 170|0x0000000620c00000, 0x0000000620c00000, 0x0000000620e00000|  0%| F|  |TAMS 0x0000000620c00000, 0x0000000620c00000| Untracked 
| 171|0x0000000620e00000, 0x0000000620e00000, 0x0000000621000000|  0%| F|  |TAMS 0x0000000620e00000, 0x0000000620e00000| Untracked 
| 172|0x0000000621000000, 0x0000000621000000, 0x0000000621200000|  0%| F|  |TAMS 0x0000000621000000, 0x0000000621000000| Untracked 
| 173|0x0000000621200000, 0x0000000621200000, 0x0000000621400000|  0%| F|  |TAMS 0x0000000621200000, 0x0000000621200000| Untracked 
| 174|0x0000000621400000, 0x0000000621400000, 0x0000000621600000|  0%| F|  |TAMS 0x0000000621400000, 0x0000000621400000| Untracked 
| 175|0x0000000621600000, 0x0000000621600000, 0x0000000621800000|  0%| F|  |TAMS 0x0000000621600000, 0x0000000621600000| Untracked 
| 176|0x0000000621800000, 0x0000000621800000, 0x0000000621a00000|  0%| F|  |TAMS 0x0000000621800000, 0x0000000621800000| Untracked 
| 177|0x0000000621a00000, 0x0000000621a00000, 0x0000000621c00000|  0%| F|  |TAMS 0x0000000621a00000, 0x0000000621a00000| Untracked 
| 178|0x0000000621c00000, 0x0000000621c00000, 0x0000000621e00000|  0%| F|  |TAMS 0x0000000621c00000, 0x0000000621c00000| Untracked 
| 179|0x0000000621e00000, 0x0000000621e00000, 0x0000000622000000|  0%| F|  |TAMS 0x0000000621e00000, 0x0000000621e00000| Untracked 
| 180|0x0000000622000000, 0x0000000622000000, 0x0000000622200000|  0%| F|  |TAMS 0x0000000622000000, 0x0000000622000000| Untracked 
| 181|0x0000000622200000, 0x0000000622200000, 0x0000000622400000|  0%| F|  |TAMS 0x0000000622200000, 0x0000000622200000| Untracked 
| 182|0x0000000622400000, 0x0000000622400000, 0x0000000622600000|  0%| F|  |TAMS 0x0000000622400000, 0x0000000622400000| Untracked 
| 183|0x0000000622600000, 0x0000000622600000, 0x0000000622800000|  0%| F|  |TAMS 0x0000000622600000, 0x0000000622600000| Untracked 
| 184|0x0000000622800000, 0x0000000622800000, 0x0000000622a00000|  0%| F|  |TAMS 0x0000000622800000, 0x0000000622800000| Untracked 
| 185|0x0000000622a00000, 0x0000000622a00000, 0x0000000622c00000|  0%| F|  |TAMS 0x0000000622a00000, 0x0000000622a00000| Untracked 
| 186|0x0000000622c00000, 0x0000000622c00000, 0x0000000622e00000|  0%| F|  |TAMS 0x0000000622c00000, 0x0000000622c00000| Untracked 
| 187|0x0000000622e00000, 0x0000000622e00000, 0x0000000623000000|  0%| F|  |TAMS 0x0000000622e00000, 0x0000000622e00000| Untracked 
| 188|0x0000000623000000, 0x0000000623000000, 0x0000000623200000|  0%| F|  |TAMS 0x0000000623000000, 0x0000000623000000| Untracked 
| 189|0x0000000623200000, 0x0000000623200000, 0x0000000623400000|  0%| F|  |TAMS 0x0000000623200000, 0x0000000623200000| Untracked 
| 190|0x0000000623400000, 0x0000000623400000, 0x0000000623600000|  0%| F|  |TAMS 0x0000000623400000, 0x0000000623400000| Untracked 
| 191|0x0000000623600000, 0x0000000623600000, 0x0000000623800000|  0%| F|  |TAMS 0x0000000623600000, 0x0000000623600000| Untracked 
| 192|0x0000000623800000, 0x0000000623800000, 0x0000000623a00000|  0%| F|  |TAMS 0x0000000623800000, 0x0000000623800000| Untracked 
| 193|0x0000000623a00000, 0x0000000623a00000, 0x0000000623c00000|  0%| F|  |TAMS 0x0000000623a00000, 0x0000000623a00000| Untracked 
| 194|0x0000000623c00000, 0x0000000623c00000, 0x0000000623e00000|  0%| F|  |TAMS 0x0000000623c00000, 0x0000000623c00000| Untracked 
| 195|0x0000000623e00000, 0x0000000623e00000, 0x0000000624000000|  0%| F|  |TAMS 0x0000000623e00000, 0x0000000623e00000| Untracked 
| 196|0x0000000624000000, 0x0000000624000000, 0x0000000624200000|  0%| F|  |TAMS 0x0000000624000000, 0x0000000624000000| Untracked 
| 197|0x0000000624200000, 0x0000000624200000, 0x0000000624400000|  0%| F|  |TAMS 0x0000000624200000, 0x0000000624200000| Untracked 
| 198|0x0000000624400000, 0x0000000624400000, 0x0000000624600000|  0%| F|  |TAMS 0x0000000624400000, 0x0000000624400000| Untracked 
| 199|0x0000000624600000, 0x0000000624600000, 0x0000000624800000|  0%| F|  |TAMS 0x0000000624600000, 0x0000000624600000| Untracked 
| 200|0x0000000624800000, 0x0000000624800000, 0x0000000624a00000|  0%| F|  |TAMS 0x0000000624800000, 0x0000000624800000| Untracked 
| 201|0x0000000624a00000, 0x0000000624a00000, 0x0000000624c00000|  0%| F|  |TAMS 0x0000000624a00000, 0x0000000624a00000| Untracked 
| 202|0x0000000624c00000, 0x0000000624c00000, 0x0000000624e00000|  0%| F|  |TAMS 0x0000000624c00000, 0x0000000624c00000| Untracked 
| 203|0x0000000624e00000, 0x0000000624e00000, 0x0000000625000000|  0%| F|  |TAMS 0x0000000624e00000, 0x0000000624e00000| Untracked 
| 204|0x0000000625000000, 0x0000000625000000, 0x0000000625200000|  0%| F|  |TAMS 0x0000000625000000, 0x0000000625000000| Untracked 
| 205|0x0000000625200000, 0x0000000625200000, 0x0000000625400000|  0%| F|  |TAMS 0x0000000625200000, 0x0000000625200000| Untracked 
| 206|0x0000000625400000, 0x0000000625400000, 0x0000000625600000|  0%| F|  |TAMS 0x0000000625400000, 0x0000000625400000| Untracked 
| 207|0x0000000625600000, 0x0000000625600000, 0x0000000625800000|  0%| F|  |TAMS 0x0000000625600000, 0x0000000625600000| Untracked 
| 208|0x0000000625800000, 0x0000000625800000, 0x0000000625a00000|  0%| F|  |TAMS 0x0000000625800000, 0x0000000625800000| Untracked 
| 209|0x0000000625a00000, 0x0000000625a00000, 0x0000000625c00000|  0%| F|  |TAMS 0x0000000625a00000, 0x0000000625a00000| Untracked 
| 210|0x0000000625c00000, 0x0000000625c00000, 0x0000000625e00000|  0%| F|  |TAMS 0x0000000625c00000, 0x0000000625c00000| Untracked 
| 211|0x0000000625e00000, 0x0000000625e00000, 0x0000000626000000|  0%| F|  |TAMS 0x0000000625e00000, 0x0000000625e00000| Untracked 
| 212|0x0000000626000000, 0x0000000626000000, 0x0000000626200000|  0%| F|  |TAMS 0x0000000626000000, 0x0000000626000000| Untracked 
| 213|0x0000000626200000, 0x0000000626200000, 0x0000000626400000|  0%| F|  |TAMS 0x0000000626200000, 0x0000000626200000| Untracked 
| 214|0x0000000626400000, 0x0000000626400000, 0x0000000626600000|  0%| F|  |TAMS 0x0000000626400000, 0x0000000626400000| Untracked 
| 215|0x0000000626600000, 0x0000000626600000, 0x0000000626800000|  0%| F|  |TAMS 0x0000000626600000, 0x0000000626600000| Untracked 
| 216|0x0000000626800000, 0x0000000626800000, 0x0000000626a00000|  0%| F|  |TAMS 0x0000000626800000, 0x0000000626800000| Untracked 
| 217|0x0000000626a00000, 0x0000000626a00000, 0x0000000626c00000|  0%| F|  |TAMS 0x0000000626a00000, 0x0000000626a00000| Untracked 
| 218|0x0000000626c00000, 0x0000000626c00000, 0x0000000626e00000|  0%| F|  |TAMS 0x0000000626c00000, 0x0000000626c00000| Untracked 
| 219|0x0000000626e00000, 0x0000000626e00000, 0x0000000627000000|  0%| F|  |TAMS 0x0000000626e00000, 0x0000000626e00000| Untracked 
| 220|0x0000000627000000, 0x0000000627000000, 0x0000000627200000|  0%| F|  |TAMS 0x0000000627000000, 0x0000000627000000| Untracked 
| 221|0x0000000627200000, 0x0000000627200000, 0x0000000627400000|  0%| F|  |TAMS 0x0000000627200000, 0x0000000627200000| Untracked 
| 222|0x0000000627400000, 0x0000000627400000, 0x0000000627600000|  0%| F|  |TAMS 0x0000000627400000, 0x0000000627400000| Untracked 
| 223|0x0000000627600000, 0x0000000627600000, 0x0000000627800000|  0%| F|  |TAMS 0x0000000627600000, 0x0000000627600000| Untracked 
| 224|0x0000000627800000, 0x0000000627800000, 0x0000000627a00000|  0%| F|  |TAMS 0x0000000627800000, 0x0000000627800000| Untracked 
| 225|0x0000000627a00000, 0x0000000627a00000, 0x0000000627c00000|  0%| F|  |TAMS 0x0000000627a00000, 0x0000000627a00000| Untracked 
| 226|0x0000000627c00000, 0x0000000627c00000, 0x0000000627e00000|  0%| F|  |TAMS 0x0000000627c00000, 0x0000000627c00000| Untracked 
| 227|0x0000000627e00000, 0x0000000627e00000, 0x0000000628000000|  0%| F|  |TAMS 0x0000000627e00000, 0x0000000627e00000| Untracked 
| 228|0x0000000628000000, 0x0000000628000000, 0x0000000628200000|  0%| F|  |TAMS 0x0000000628000000, 0x0000000628000000| Untracked 
| 229|0x0000000628200000, 0x0000000628200000, 0x0000000628400000|  0%| F|  |TAMS 0x0000000628200000, 0x0000000628200000| Untracked 
| 230|0x0000000628400000, 0x0000000628400000, 0x0000000628600000|  0%| F|  |TAMS 0x0000000628400000, 0x0000000628400000| Untracked 
| 231|0x0000000628600000, 0x0000000628600000, 0x0000000628800000|  0%| F|  |TAMS 0x0000000628600000, 0x0000000628600000| Untracked 
| 232|0x0000000628800000, 0x00000006289a6210, 0x0000000628a00000| 82%| S|CS|TAMS 0x0000000628800000, 0x0000000628800000| Complete 
| 233|0x0000000628a00000, 0x0000000628c00000, 0x0000000628c00000|100%| S|CS|TAMS 0x0000000628a00000, 0x0000000628a00000| Complete 
| 234|0x0000000628c00000, 0x0000000628c00000, 0x0000000628e00000|  0%| F|  |TAMS 0x0000000628c00000, 0x0000000628c00000| Untracked 
| 235|0x0000000628e00000, 0x0000000628e00000, 0x0000000629000000|  0%| F|  |TAMS 0x0000000628e00000, 0x0000000628e00000| Untracked 
| 236|0x0000000629000000, 0x0000000629000000, 0x0000000629200000|  0%| F|  |TAMS 0x0000000629000000, 0x0000000629000000| Untracked 
| 237|0x0000000629200000, 0x0000000629200000, 0x0000000629400000|  0%| F|  |TAMS 0x0000000629200000, 0x0000000629200000| Untracked 
| 238|0x0000000629400000, 0x0000000629400000, 0x0000000629600000|  0%| F|  |TAMS 0x0000000629400000, 0x0000000629400000| Untracked 
| 239|0x0000000629600000, 0x0000000629600000, 0x0000000629800000|  0%| F|  |TAMS 0x0000000629600000, 0x0000000629600000| Untracked 
| 240|0x0000000629800000, 0x0000000629800000, 0x0000000629a00000|  0%| F|  |TAMS 0x0000000629800000, 0x0000000629800000| Untracked 
| 241|0x0000000629a00000, 0x0000000629a00000, 0x0000000629c00000|  0%| F|  |TAMS 0x0000000629a00000, 0x0000000629a00000| Untracked 
| 242|0x0000000629c00000, 0x0000000629c00000, 0x0000000629e00000|  0%| F|  |TAMS 0x0000000629c00000, 0x0000000629c00000| Untracked 
| 243|0x0000000629e00000, 0x0000000629e00000, 0x000000062a000000|  0%| F|  |TAMS 0x0000000629e00000, 0x0000000629e00000| Untracked 
| 244|0x000000062a000000, 0x000000062a000000, 0x000000062a200000|  0%| F|  |TAMS 0x000000062a000000, 0x000000062a000000| Untracked 
| 245|0x000000062a200000, 0x000000062a200000, 0x000000062a400000|  0%| F|  |TAMS 0x000000062a200000, 0x000000062a200000| Untracked 
| 246|0x000000062a400000, 0x000000062a400000, 0x000000062a600000|  0%| F|  |TAMS 0x000000062a400000, 0x000000062a400000| Untracked 
| 247|0x000000062a600000, 0x000000062a600000, 0x000000062a800000|  0%| F|  |TAMS 0x000000062a600000, 0x000000062a600000| Untracked 
| 248|0x000000062a800000, 0x000000062a800000, 0x000000062aa00000|  0%| F|  |TAMS 0x000000062a800000, 0x000000062a800000| Untracked 
| 249|0x000000062aa00000, 0x000000062aa00000, 0x000000062ac00000|  0%| F|  |TAMS 0x000000062aa00000, 0x000000062aa00000| Untracked 
| 250|0x000000062ac00000, 0x000000062ad67ca0, 0x000000062ae00000| 70%| E|  |TAMS 0x000000062ac00000, 0x000000062ac00000| Complete 
|3490|0x00000007bfc00000, 0x00000007bfc48000, 0x00000007bfe00000| 14%|OA|  |TAMS 0x00000007bfc00000, 0x00000007bfc48000| Untracked 
|3491|0x00000007bfe00000, 0x00000007bfe6b000, 0x00000007c0000000| 20%|CA|  |TAMS 0x00000007bfe00000, 0x00000007bfe6b000| Untracked 

Card table byte_map: [0x00007f514b05c000,0x00007f514c000000] _byte_map_base: 0x00007f5148000000

Marking Bits (Prev, Next): (CMBitMap*) 0x00007f51680597a8, (CMBitMap*) 0x00007f51680597e0
 Prev Bits: [0x00007f5142398000, 0x00007f514a0b8000)
 Next Bits: [0x00007f513a678000, 0x00007f5142398000)

Polling page: 0x00007f517026e000

Metaspace:

Usage:
  Non-class:     17.66 MB capacity,    16.43 MB ( 93%) used,     1.17 MB (  7%) free+waste,    57.25 KB ( <1%) overhead. 
      Class:      3.21 MB capacity,     2.91 MB ( 91%) used,   267.13 KB (  8%) free+waste,    32.44 KB ( <1%) overhead. 
       Both:     20.86 MB capacity,    19.34 MB ( 93%) used,     1.43 MB (  7%) free+waste,    89.69 KB ( <1%) overhead. 

Virtual space:
  Non-class space:       18.00 MB reserved,      17.75 MB ( 99%) committed 
      Class space:        1.00 GB reserved,       3.25 MB ( <1%) committed 
             Both:        1.02 GB reserved,      21.00 MB (  2%) committed 

Chunk freelists:
   Non-Class:  33.00 KB
       Class:  12.00 KB
        Both:  45.00 KB

MaxMetaspaceSize: unlimited
CompressedClassSpaceSize: 1.00 GB
Initial GC threshold: 20.80 MB
Current GC threshold: 21.12 MB
CDS: on

CodeHeap 'non-profiled nmethods': size=120032Kb used=496Kb max_used=496Kb free=119535Kb
 bounds [0x00007f51580c8000, 0x00007f5158338000, 0x00007f515f600000]
CodeHeap 'profiled nmethods': size=120028Kb used=2715Kb max_used=2715Kb free=117312Kb
 bounds [0x00007f5150b91000, 0x00007f5150e41000, 0x00007f51580c8000]
CodeHeap 'non-nmethods': size=5700Kb used=1204Kb max_used=1230Kb free=4495Kb
 bounds [0x00007f5150600000, 0x00007f5150870000, 0x00007f5150b91000]
 total_blobs=1906 nmethods=1435 adapters=384
 compilation: enabled
              stopped_count=0, restarted_count=0
 full_count=0

Compilation events (20 events):
Event: 1.256 Thread 0x00007f51682b7000 1407       3       java.util.HashSet::size (8 bytes)
Event: 1.256 Thread 0x00007f51682b7000 nmethod 1407 0x00007f5150e2e010 code [0x00007f5150e2e1c0, 0x00007f5150e2e390]
Event: 1.258 Thread 0x00007f51682b4800 nmethod 1395 0x00007f5158140290 code [0x00007f5158140480, 0x00007f5158141ae8]
Event: 1.258 Thread 0x00007f510806e800 1408       4       java.util.HashMap$HashIterator::hasNext (13 bytes)
Event: 1.259 Thread 0x00007f510806e800 nmethod 1408 0x00007f5158142290 code [0x00007f5158142420, 0x00007f5158142498]
Event: 1.265 Thread 0x00007f51682b7000 1409       3       java.lang.invoke.MemberName$Factory::resolveOrNull (28 bytes)
Event: 1.265 Thread 0x00007f51682b7000 nmethod 1409 0x00007f5150e2e490 code [0x00007f5150e2e660, 0x00007f5150e2e900]
Event: 1.268 Thread 0x00007f51682b7000 1410       3       java.lang.invoke.MethodHandleNatives::linkCallSite (66 bytes)
Event: 1.269 Thread 0x00007f51682b7000 nmethod 1410 0x00007f5150e2ea10 code [0x00007f5150e2ec00, 0x00007f5150e2f160]
Event: 1.269 Thread 0x00007f51682b7000 1411       3       java.lang.invoke.MethodHandleNatives::linkCallSiteImpl (44 bytes)
Event: 1.269 Thread 0x00007f51682b7000 nmethod 1411 0x00007f5150e2f310 code [0x00007f5150e2f540, 0x00007f5150e2fd70]
Event: 1.269 Thread 0x00007f51682b7000 1412       3       java.lang.invoke.ConstantCallSite::<init> (11 bytes)
Event: 1.270 Thread 0x00007f51682b7000 nmethod 1412 0x00007f5150e30010 code [0x00007f5150e30240, 0x00007f5150e30a60]
Event: 1.271 Thread 0x00007f51682b7000 1414       3       java.lang.invoke.BoundMethodHandle::<init> (32 bytes)
Event: 1.271 Thread 0x00007f51682b7000 nmethod 1414 0x00007f5150e30d90 code [0x00007f5150e30f40, 0x00007f5150e310a0]
Event: 1.272 Thread 0x00007f51682b7000 1415       3       java.lang.Class::getReflectionFactory (26 bytes)
Event: 1.272 Thread 0x00007f51682b7000 nmethod 1415 0x00007f5150e31190 code [0x00007f5150e31380, 0x00007f5150e31780]
Event: 1.278 Thread 0x00007f510c0a9000 1416       4       java.lang.AbstractStringBuilder::append (45 bytes)
Event: 1.286 Thread 0x00007f51682b7000 1419   !   3       java.lang.ref.ReferenceQueue::enqueue (119 bytes)
Event: 1.286 Thread 0x00007f510c0a9000 nmethod 1416 0x00007f5158143210 code [0x00007f51581433c0, 0x00007f5158143a28]

GC Heap History (4 events):
Event: 0.758 GC heap before
{Heap before GC invocations=0 (full 0):
 garbage-first heap   total 518144K, used 29388K [0x000000060b800000, 0x0000000800000000)
  region size 2048K, 12 young (24576K), 0 survivors (0K)
 Metaspace       used 10676K, capacity 12843K, committed 13184K, reserved 1060864K
  class space    used 1600K, capacity 1852K, committed 1920K, reserved 1048576K
}
Event: 0.769 GC heap after
{Heap after GC invocations=1 (full 0):
 garbage-first heap   total 518144K, used 4962K [0x000000060b800000, 0x0000000800000000)
  region size 2048K, 2 young (4096K), 2 survivors (4096K)
 Metaspace       used 10676K, capacity 12843K, committed 13184K, reserved 1060864K
  class space    used 1600K, capacity 1852K, committed 1920K, reserved 1048576K
}
Event: 1.282 GC heap before
{Heap before GC invocations=1 (full 0):
 garbage-first heap   total 518144K, used 33634K [0x000000060b800000, 0x0000000800000000)
  region size 2048K, 17 young (34816K), 2 survivors (4096K)
 Metaspace       used 19567K, capacity 21114K, committed 21248K, reserved 1067008K
  class space    used 2953K, capacity 3243K, committed 3328K, reserved 1048576K
}
Event: 1.286 GC heap after
{Heap after GC invocations=2 (full 0):
 garbage-first heap   total 518144K, used 6500K [0x000000060b800000, 0x0000000800000000)
  region size 2048K, 2 young (4096K), 2 survivors (4096K)
 Metaspace       used 19567K, capacity 21114K, committed 21248K, reserved 1067008K
  class space    used 2953K, capacity 3243K, committed 3328K, reserved 1048576K
}

Deoptimization events (20 events):
Event: 1.130 Thread 0x00007f5168015800 Uncommon trap: trap_request=0xffffff4d fr.pc=0x00007f51580f3d24 relative=0x00000000000005e4
Event: 1.130 Thread 0x00007f5168015800 Uncommon trap: reason=unstable_if action=reinterpret pc=0x00007f51580f3d24 method=java.lang.AbstractStringBuilder.append(Ljava/lang/String;)Ljava/lang/AbstractStringBuilder; @ 1 c2
Event: 1.130 Thread 0x00007f5168015800 DEOPT PACKING pc=0x00007f51580f3d24 sp=0x00007f516ebfb390
Event: 1.131 Thread 0x00007f5168015800 DEOPT UNPACKING pc=0x00007f5150649ea5 sp=0x00007f516ebfb320 mode 2
Event: 1.131 Thread 0x00007f5168015800 Uncommon trap: trap_request=0xffffff4d fr.pc=0x00007f51580e1f00 relative=0x00000000000005c0
Event: 1.131 Thread 0x00007f5168015800 Uncommon trap: reason=unstable_if action=reinterpret pc=0x00007f51580e1f00 method=java.lang.AbstractStringBuilder.append(Ljava/lang/String;)Ljava/lang/AbstractStringBuilder; @ 1 c2
Event: 1.131 Thread 0x00007f5168015800 DEOPT PACKING pc=0x00007f51580e1f00 sp=0x00007f516ebfb330
Event: 1.131 Thread 0x00007f5168015800 DEOPT UNPACKING pc=0x00007f5150649ea5 sp=0x00007f516ebfb318 mode 2
Event: 1.154 Thread 0x00007f5168015800 Uncommon trap: trap_request=0xffffff4d fr.pc=0x00007f515812e744 relative=0x00000000000000a4
Event: 1.154 Thread 0x00007f5168015800 Uncommon trap: reason=unstable_if action=reinterpret pc=0x00007f515812e744 method=com.typesafe.config.impl.Tokenizer$TokenIterator.startOfComment(I)Z @ 25 c2
Event: 1.154 Thread 0x00007f5168015800 DEOPT PACKING pc=0x00007f515812e744 sp=0x00007f516ebfd040
Event: 1.154 Thread 0x00007f5168015800 DEOPT UNPACKING pc=0x00007f5150649ea5 sp=0x00007f516ebfcfe0 mode 2
Event: 1.174 Thread 0x00007f5168015800 Uncommon trap: trap_request=0xffffffde fr.pc=0x00007f51581318f4 relative=0x0000000000000d54
Event: 1.174 Thread 0x00007f5168015800 Uncommon trap: reason=class_check action=maybe_recompile pc=0x00007f51581318f4 method=java.util.HashMap.putVal(ILjava/lang/Object;Ljava/lang/Object;ZZ)Ljava/lang/Object; @ 203 c2
Event: 1.174 Thread 0x00007f5168015800 DEOPT PACKING pc=0x00007f51581318f4 sp=0x00007f516ebfe0d0
Event: 1.174 Thread 0x00007f5168015800 DEOPT UNPACKING pc=0x00007f5150649ea5 sp=0x00007f516ebfe070 mode 2
Event: 1.241 Thread 0x00007f5168015800 Uncommon trap: trap_request=0xffffff4d fr.pc=0x00007f5158138150 relative=0x0000000000001cb0
Event: 1.241 Thread 0x00007f5168015800 Uncommon trap: reason=unstable_if action=reinterpret pc=0x00007f5158138150 method=com.typesafe.config.impl.Tokenizer$TokenIterator.next()Lcom/typesafe/config/impl/Token; @ 29 c2
Event: 1.241 Thread 0x00007f5168015800 DEOPT PACKING pc=0x00007f5158138150 sp=0x00007f516ebfd0e0
Event: 1.241 Thread 0x00007f5168015800 DEOPT UNPACKING pc=0x00007f5150649ea5 sp=0x00007f516ebfcfd0 mode 2

Classes redefined (0 events):
No events

Internal exceptions (20 events):
Event: 0.463 Thread 0x00007f5168015800 Exception <a 'java/lang/ClassNotFoundException'{0x000000062a3b10f0}: javax/smartcardio/CardPermission> (0x000000062a3b10f0) thrown at [./src/hotspot/share/classfile/systemDictionary.cpp, line 230]
Event: 0.466 Thread 0x00007f5168015800 Exception <a 'java/io/FileNotFoundException'{0x000000062a3be1f0}> (0x000000062a3be1f0) thrown at [./src/hotspot/share/prims/jni.cpp, line 617]
Event: 0.565 Thread 0x00007f5168015800 Exception <a 'java/lang/NoSuchMethodError'{0x0000000629f3c490}: 'java.lang.Object java.lang.invoke.DirectMethodHandle$Holder.invokeStatic(java.lang.Object, java.lang.Object, int, java.lang.Object)'> (0x0000000629f3c490) thrown at [./src/hotspot/share/interpreter/linkResolver.cpp, line 772]
Event: 0.565 Thread 0x00007f5168015800 Exception <a 'java/lang/NoSuchMethodError'{0x0000000629f42bc0}: 'java.lang.Object java.lang.invoke.Invokers$Holder.linkToTargetMethod(java.lang.Object, int, java.lang.Object, java.lang.Object)'> (0x0000000629f42bc0) thrown at [./src/hotspot/share/interpreter/linkResolver.cpp, line 772]
Event: 0.567 Thread 0x00007f5168015800 Exception <a 'java/lang/NoSuchMethodError'{0x0000000629f4d108}: 'java.lang.Object java.lang.invoke.DirectMethodHandle$Holder.invokeSpecial(java.lang.Object, java.lang.Object, java.lang.Object, java.lang.Object, java.lang.Object, java.lang.Object, java.lang.Object, java.lang.Object, java.lang.Object)'> (0x0000000629f4d108) thrown at [./src/hotspot/share/interpreter/linkResolver.cpp, line 772]
Event: 0.567 Thread 0x00007f5168015800 Exception <a 'java/lang/NoSuchMethodError'{0x0000000629f50db0}: 'java.lang.Object java.lang.invoke.Invokers$Holder.linkToTargetMethod(java.lang.Object, java.lang.Object, java.lang.Object, java.lang.Object, java.lang.Object, java.lang.Object, java.lang.Object, java.lang.Object)'> (0x0000000629f50db0) thrown at [./src/hotspot/share/interpreter/linkResolver.cpp, line 772]
Event: 0.581 Thread 0x00007f5168015800 Exception <a 'java/lang/UnsatisfiedLinkError'{0x0000000629fdb9a8}: 'int io.netty.channel.epoll.Native.offsetofEpollData()'> (0x0000000629fdb9a8) thrown at [./src/hotspot/share/prims/nativeLookup.cpp, line 528]
Event: 0.598 Thread 0x00007f5168015800 Exception <a 'java/lang/NoSuchMethodError'{0x0000000629c83440}: 'void java.lang.invoke.DirectMethodHandle$Holder.invokeStatic(java.lang.Object, java.lang.Object, java.lang.Object, java.lang.Object, java.lang.Object, java.lang.Object)'> (0x0000000629c83440) thrown at [./src/hotspot/share/interpreter/linkResolver.cpp, line 772]
Event: 0.605 Thread 0x00007f5168015800 Exception <a 'java/lang/NoSuchMethodError'{0x0000000629cbc9c8}: 'int java.lang.invoke.DirectMethodHandle$Holder.invokeSpecialIFC(java.lang.Object, java.lang.Object, int)'> (0x0000000629cbc9c8) thrown at [./src/hotspot/share/interpreter/linkResolver.cpp, line 772]
Event: 0.920 Thread 0x00007f5168015800 Exception <a 'java/lang/NoSuchMethodError'{0x000000062a224058}: 'int java.lang.invoke.DirectMethodHandle$Holder.invokeStatic(java.lang.Object, java.lang.Object, java.lang.Object, int)'> (0x000000062a224058) thrown at [./src/hotspot/share/interpreter/linkResolver.cpp, line 772]
Event: 1.034 Thread 0x00007f5168015800 Exception <a 'java/lang/NoSuchMethodError'{0x0000000629ef7668}: 'double java.lang.invoke.DirectMethodHandle$Holder.invokeStatic(java.lang.Object)'> (0x0000000629ef7668) thrown at [./src/hotspot/share/interpreter/linkResolver.cpp, line 772]
Event: 1.034 Thread 0x00007f5168015800 Exception <a 'java/lang/NoSuchMethodError'{0x0000000629efa218}: 'double java.lang.invoke.DirectMethodHandle$Holder.invokeStaticInit(java.lang.Object)'> (0x0000000629efa218) thrown at [./src/hotspot/share/interpreter/linkResolver.cpp, line 772]
Event: 1.040 Thread 0x00007f5168015800 Exception <a 'java/lang/NoSuchMethodError'{0x0000000629f4ec68}: 'void java.lang.invoke.DirectMethodHandle$Holder.invokeStatic(java.lang.Object, int)'> (0x0000000629f4ec68) thrown at [./src/hotspot/share/interpreter/linkResolver.cpp, line 772]
Event: 1.040 Thread 0x00007f5168015800 Exception <a 'java/lang/NoSuchMethodError'{0x0000000629f518b8}: 'void java.lang.invoke.DirectMethodHandle$Holder.invokeStaticInit(java.lang.Object, int)'> (0x0000000629f518b8) thrown at [./src/hotspot/share/interpreter/linkResolver.cpp, line 772]
Event: 1.074 Thread 0x00007f5168015800 Exception <a 'java/lang/NoSuchMethodError'{0x0000000629caf4a8}: 'double java.lang.invoke.DirectMethodHandle$Holder.invokeStatic(java.lang.Object, java.lang.Object)'> (0x0000000629caf4a8) thrown at [./src/hotspot/share/interpreter/linkResolver.cpp, line 772]
Event: 1.077 Thread 0x00007f5168015800 Exception <a 'java/lang/NoSuchMethodError'{0x0000000629cdf4a0}: 'java.lang.Object java.lang.invoke.Invokers$Holder.linkToTargetMethod(java.lang.Object, int, java.lang.Object)'> (0x0000000629cdf4a0) thrown at [./src/hotspot/share/interpreter/linkResolver.cpp, line 772]
Event: 1.130 Thread 0x00007f5168015800 Implicit null exception at 0x00007f51580f3784 to 0x00007f51580f3d0c
Event: 1.131 Thread 0x00007f5168015800 Implicit null exception at 0x00007f51580e1984 to 0x00007f51580e1ee8
Event: 1.206 Thread 0x00007f5168015800 Exception <a 'java/lang/NoSuchMethodError'{0x00000006290237e8}: 'java.lang.Object java.lang.invoke.DirectMethodHandle$Holder.invokeStatic(java.lang.Object, int, java.lang.Object)'> (0x00000006290237e8) thrown at [./src/hotspot/share/interpreter/linkResolver.cpp, line 772]
Event: 1.216 Thread 0x00007f5168015800 Exception <a 'java/lang/NoSuchMethodError'{0x00000006290a8870}: 'void java.lang.invoke.DirectMethodHandle$Holder.invokeStatic(java.lang.Object, java.lang.Object, int)'> (0x00000006290a8870) thrown at [./src/hotspot/share/interpreter/linkResolver.cpp, line 772]

Events (20 events):
Event: 1.279 loading class akka/actor/ActorContext done
Event: 1.279 loading class akka/actor/ClassicActorContextProvider
Event: 1.279 loading class akka/actor/ClassicActorContextProvider done
Event: 1.279 loading class akka/actor/Cell
Event: 1.279 loading class akka/actor/Cell done
Event: 1.280 loading class akka/actor/dungeon/Children
Event: 1.280 loading class akka/actor/dungeon/Children done
Event: 1.280 loading class akka/actor/dungeon/DeathWatch
Event: 1.280 loading class akka/actor/dungeon/DeathWatch done
Event: 1.281 loading class akka/actor/dungeon/Dispatch
Event: 1.281 loading class akka/actor/dungeon/Dispatch done
Event: 1.281 loading class akka/actor/dungeon/FaultHandling
Event: 1.281 loading class akka/actor/dungeon/FaultHandling done
Event: 1.281 Executing VM operation: CollectForMetadataAllocation
Event: 1.286 Executing VM operation: CollectForMetadataAllocation done
Event: 1.286 loading class akka/actor/dungeon/ReceiveTimeout
Event: 1.286 loading class akka/actor/dungeon/ReceiveTimeout done
Event: 1.287 Executing VM operation: RevokeBias
Event: 1.287 Executing VM operation: RevokeBias done
Event: 1.287 Executing VM operation: RevokeBias


Dynamic libraries:
60b800000-62ae00000 rw-p 00000000 00:00 0 
62ae00000-7bfc00000 ---p 00000000 00:00 0 
7bfc00000-7bfc48000 rw-p 00b0a000 08:13 4095054                          /usr/lib/jvm/java-11-openjdk-amd64/lib/server/classes.jsa
7bfc48000-7bfe00000 rw-p 00000000 00:00 0 
7bfe00000-7bfe6b000 rw-p 00a9f000 08:13 4095054                          /usr/lib/jvm/java-11-openjdk-amd64/lib/server/classes.jsa
7bfe6b000-7c0000000 rw-p 00000000 00:00 0 
7c0000000-800000000 ---p 00000000 00:00 0 
800000000-800002000 rwxp 00001000 08:13 4095054                          /usr/lib/jvm/java-11-openjdk-amd64/lib/server/classes.jsa
800002000-8003cc000 rw-p 00003000 08:13 4095054                          /usr/lib/jvm/java-11-openjdk-amd64/lib/server/classes.jsa
8003cc000-800a9d000 r--p 003cd000 08:13 4095054                          /usr/lib/jvm/java-11-openjdk-amd64/lib/server/classes.jsa
800a9d000-800a9e000 rw-p 00a9e000 08:13 4095054                          /usr/lib/jvm/java-11-openjdk-amd64/lib/server/classes.jsa
840000000-840340000 rw-p 00000000 00:00 0 
840340000-880000000 ---p 00000000 00:00 0 
5638fe2fe000-5638fe2ff000 r--p 00000000 08:13 4073686                    /usr/lib/jvm/java-11-openjdk-amd64/bin/java
5638fe2ff000-5638fe300000 r-xp 00001000 08:13 4073686                    /usr/lib/jvm/java-11-openjdk-amd64/bin/java
5638fe300000-5638fe301000 r--p 00002000 08:13 4073686                    /usr/lib/jvm/java-11-openjdk-amd64/bin/java
5638fe301000-5638fe302000 r--p 00002000 08:13 4073686                    /usr/lib/jvm/java-11-openjdk-amd64/bin/java
5638fe302000-5638fe303000 rw-p 00003000 08:13 4073686                    /usr/lib/jvm/java-11-openjdk-amd64/bin/java
5639002ab000-5639002cc000 rw-p 00000000 00:00 0                          [heap]
7f50c8000000-7f50c8021000 rw-p 00000000 00:00 0 
7f50c8021000-7f50cc000000 ---p 00000000 00:00 0 
7f50cc000000-7f50cc021000 rw-p 00000000 00:00 0 
7f50cc021000-7f50d0000000 ---p 00000000 00:00 0 
7f50d0000000-7f50d0021000 rw-p 00000000 00:00 0 
7f50d0021000-7f50d4000000 ---p 00000000 00:00 0 
7f50d4000000-7f50d406c000 rw-p 00000000 00:00 0 
7f50d406c000-7f50d8000000 ---p 00000000 00:00 0 
7f50d8000000-7f50d8021000 rw-p 00000000 00:00 0 
7f50d8021000-7f50dc000000 ---p 00000000 00:00 0 
7f50dc000000-7f50dc021000 rw-p 00000000 00:00 0 
7f50dc021000-7f50e0000000 ---p 00000000 00:00 0 
7f50e0000000-7f50e0021000 rw-p 00000000 00:00 0 
7f50e0021000-7f50e4000000 ---p 00000000 00:00 0 
7f50e4000000-7f50e4021000 rw-p 00000000 00:00 0 
7f50e4021000-7f50e8000000 ---p 00000000 00:00 0 
7f50e8000000-7f50e8021000 rw-p 00000000 00:00 0 
7f50e8021000-7f50ec000000 ---p 00000000 00:00 0 
7f50ec000000-7f50ec021000 rw-p 00000000 00:00 0 
7f50ec021000-7f50f0000000 ---p 00000000 00:00 0 
7f50f0000000-7f50f0021000 rw-p 00000000 00:00 0 
7f50f0021000-7f50f4000000 ---p 00000000 00:00 0 
7f50f4000000-7f50f4021000 rw-p 00000000 00:00 0 
7f50f4021000-7f50f8000000 ---p 00000000 00:00 0 
7f50f8000000-7f50f8021000 rw-p 00000000 00:00 0 
7f50f8021000-7f50fc000000 ---p 00000000 00:00 0 
7f50fc000000-7f50fc144000 rw-p 00000000 00:00 0 
7f50fc144000-7f5100000000 ---p 00000000 00:00 0 
7f5100000000-7f5100021000 rw-p 00000000 00:00 0 
7f5100021000-7f5104000000 ---p 00000000 00:00 0 
7f5104000000-7f5104021000 rw-p 00000000 00:00 0 
7f5104021000-7f5108000000 ---p 00000000 00:00 0 
7f5108000000-7f51082b5000 rw-p 00000000 00:00 0 
7f51082b5000-7f510c000000 ---p 00000000 00:00 0 
7f510c000000-7f510c0b1000 rw-p 00000000 00:00 0 
7f510c0b1000-7f5110000000 ---p 00000000 00:00 0 
7f5110000000-7f5110021000 rw-p 00000000 00:00 0 
7f5110021000-7f5114000000 ---p 00000000 00:00 0 
7f5114000000-7f5114021000 rw-p 00000000 00:00 0 
7f5114021000-7f5118000000 ---p 00000000 00:00 0 
7f5118000000-7f5118021000 rw-p 00000000 00:00 0 
7f5118021000-7f511c000000 ---p 00000000 00:00 0 
7f511c000000-7f511c021000 rw-p 00000000 00:00 0 
7f511c021000-7f5120000000 ---p 00000000 00:00 0 
7f5120000000-7f5120021000 rw-p 00000000 00:00 0 
7f5120021000-7f5124000000 ---p 00000000 00:00 0 
7f5124000000-7f5124021000 rw-p 00000000 00:00 0 
7f5124021000-7f5128000000 ---p 00000000 00:00 0 
7f5128bee000-7f5128bef000 ---p 00000000 00:00 0 
7f5128bef000-7f5128cf0000 rw-p 00000000 00:00 0 
7f5128cf0000-7f5128cf4000 ---p 00000000 00:00 0 
7f5128cf4000-7f5128fb0000 rw-p 00000000 00:00 0 
7f5128fb0000-7f5128ff0000 ---p 00000000 00:00 0 
7f5128ff0000-7f51291b0000 rw-p 00000000 00:00 0 
7f51291b0000-7f51293f0000 rw-p 00000000 00:00 0 
7f51293f0000-7f51293f1000 ---p 00000000 00:00 0 
7f51293f1000-7f51294f2000 rw-p 00000000 00:00 0 
7f51294f2000-7f51294f3000 ---p 00000000 00:00 0 
7f51294f3000-7f51295f4000 rw-p 00000000 00:00 0 
7f51295f4000-7f51295f5000 ---p 00000000 00:00 0 
7f51295f5000-7f51296f6000 rw-p 00000000 00:00 0 
7f51296f6000-7f51296f7000 ---p 00000000 00:00 0 
7f51296f7000-7f51297f8000 rw-p 00000000 00:00 0 
7f51297f8000-7f51297f9000 ---p 00000000 00:00 0 
7f51297f9000-7f51298fa000 rw-p 00000000 00:00 0 
7f51298fa000-7f51298fb000 ---p 00000000 00:00 0 
7f51298fb000-7f51299fc000 rw-p 00000000 00:00 0 
7f51299fc000-7f51299fd000 ---p 00000000 00:00 0 
7f51299fd000-7f5129afe000 rw-p 00000000 00:00 0 
7f5129afe000-7f5129aff000 ---p 00000000 00:00 0 
7f5129aff000-7f5129e00000 rw-p 00000000 00:00 0 
7f5129e00000-7f5129e0c000 r-xp 00000000 08:13 786490                     /tmp/libnetty-transport-native-epoll3982243236230477409.so (deleted)
7f5129e0c000-7f512a00c000 ---p 0000c000 08:13 786490                     /tmp/libnetty-transport-native-epoll3982243236230477409.so (deleted)
7f512a00c000-7f512a00d000 rw-p 0000c000 08:13 786490                     /tmp/libnetty-transport-native-epoll3982243236230477409.so (deleted)
7f512a0fc000-7f512a0fd000 ---p 00000000 00:00 0 
7f512a0fd000-7f512a3fe000 rw-p 00000000 00:00 0 
7f512a3fe000-7f512a402000 ---p 00000000 00:00 0 
7f512a402000-7f512a4fe000 rw-p 00000000 00:00 0 
7f512a4fe000-7f512a502000 ---p 00000000 00:00 0 
7f512a502000-7f512a5fe000 rw-p 00000000 00:00 0 
7f512a5fe000-7f512a602000 ---p 00000000 00:00 0 
7f512a602000-7f512a6fe000 rw-p 00000000 00:00 0 
7f512a6fe000-7f512a6ff000 ---p 00000000 00:00 0 
7f512a6ff000-7f512a800000 rw-p 00000000 00:00 0 
7f512a800000-7f512b706000 r--p 00000000 08:13 3683520                    /usr/lib/locale/locale-archive
7f512b800000-7f512c000000 rw-p 00000000 00:00 0 
7f512c000000-7f512c021000 rw-p 00000000 00:00 0 
7f512c021000-7f5130000000 ---p 00000000 00:00 0 
7f5130000000-7f5130021000 rw-p 00000000 00:00 0 
7f5130021000-7f5134000000 ---p 00000000 00:00 0 
7f5134000000-7f5134021000 rw-p 00000000 00:00 0 
7f5134021000-7f5138000000 ---p 00000000 00:00 0 
7f5138078000-7f513807c000 ---p 00000000 00:00 0 
7f513807c000-7f5138178000 rw-p 00000000 00:00 0 
7f5138178000-7f513817c000 ---p 00000000 00:00 0 
7f513817c000-7f5138278000 rw-p 00000000 00:00 0 
7f5138278000-7f513827c000 ---p 00000000 00:00 0 
7f513827c000-7f5138378000 rw-p 00000000 00:00 0 
7f5138378000-7f513837c000 ---p 00000000 00:00 0 
7f513837c000-7f5138478000 rw-p 00000000 00:00 0 
7f5138478000-7f513847c000 ---p 00000000 00:00 0 
7f513847c000-7f5138578000 rw-p 00000000 00:00 0 
7f5138578000-7f513857c000 ---p 00000000 00:00 0 
7f513857c000-7f513ae50000 rw-p 00000000 00:00 0 
7f513ae50000-7f5141388000 ---p 00000000 00:00 0 
7f5141388000-7f5141398000 rw-p 00000000 00:00 0 
7f5141398000-7f5142398000 ---p 00000000 00:00 0 
7f5142398000-7f5142b70000 rw-p 00000000 00:00 0 
7f5142b70000-7f51490a8000 ---p 00000000 00:00 0 
7f51490a8000-7f51490b8000 rw-p 00000000 00:00 0 
7f51490b8000-7f514a0b8000 ---p 00000000 00:00 0 
7f514a0b8000-7f514a1b3000 rw-p 00000000 00:00 0 
7f514a1b3000-7f514ae5a000 ---p 00000000 00:00 0 
7f514ae5a000-7f514ae5c000 rw-p 00000000 00:00 0 
7f514ae5c000-7f514b05c000 ---p 00000000 00:00 0 
7f514b05c000-7f514b157000 rw-p 00000000 00:00 0 
7f514b157000-7f514bdfe000 ---p 00000000 00:00 0 
7f514bdfe000-7f514be00000 rw-p 00000000 00:00 0 
7f514be00000-7f514c000000 ---p 00000000 00:00 0 
7f514c000000-7f514c021000 rw-p 00000000 00:00 0 
7f514c021000-7f5150000000 ---p 00000000 00:00 0 
7f51500f9000-7f51500fd000 ---p 00000000 00:00 0 
7f51500fd000-7f51501f9000 rw-p 00000000 00:00 0 
7f51501f9000-7f51501fa000 ---p 00000000 00:00 0 
7f51501fa000-7f51502fb000 rw-p 00000000 00:00 0 
7f51502fb000-7f51502fc000 ---p 00000000 00:00 0 
7f51502fc000-7f51503fd000 rw-p 00000000 00:00 0 
7f51503fd000-7f51503fe000 ---p 00000000 00:00 0 
7f51503fe000-7f5150600000 rw-p 00000000 00:00 0 
7f5150600000-7f5150870000 rwxp 00000000 00:00 0 
7f5150870000-7f5150b91000 ---p 00000000 00:00 0 
7f5150b91000-7f5150e41000 rwxp 00000000 00:00 0 
7f5150e41000-7f51580c8000 ---p 00000000 00:00 0 
7f51580c8000-7f5158338000 rwxp 00000000 00:00 0 
7f5158338000-7f515f600000 ---p 00000000 00:00 0 
7f515f600000-7f5167e08000 r--s 00000000 08:13 4094616                    /usr/lib/jvm/java-11-openjdk-amd64/lib/modules
7f5167e7e000-7f5168000000 rw-p 00000000 00:00 0 
7f5168000000-7f516a442000 rw-p 00000000 00:00 0 
7f516a442000-7f516c000000 ---p 00000000 00:00 0 
7f516c054000-7f516c05b000 r--s 00000000 08:13 3699529                    /usr/lib/x86_64-linux-gnu/gconv/gconv-modules.cache
7f516c05b000-7f516c05d000 r--p 00000000 08:13 4094604                    /usr/lib/jvm/java-11-openjdk-amd64/lib/libmanagement_ext.so
7f516c05d000-7f516c060000 r-xp 00002000 08:13 4094604                    /usr/lib/jvm/java-11-openjdk-amd64/lib/libmanagement_ext.so
7f516c060000-7f516c062000 r--p 00005000 08:13 4094604                    /usr/lib/jvm/java-11-openjdk-amd64/lib/libmanagement_ext.so
7f516c062000-7f516c063000 r--p 00006000 08:13 4094604                    /usr/lib/jvm/java-11-openjdk-amd64/lib/libmanagement_ext.so
7f516c063000-7f516c064000 rw-p 00007000 08:13 4094604                    /usr/lib/jvm/java-11-openjdk-amd64/lib/libmanagement_ext.so
7f516c064000-7f516c067000 r--p 00000000 08:13 4094602                    /usr/lib/jvm/java-11-openjdk-amd64/lib/libmanagement.so
7f516c067000-7f516c068000 r-xp 00003000 08:13 4094602                    /usr/lib/jvm/java-11-openjdk-amd64/lib/libmanagement.so
7f516c068000-7f516c069000 r--p 00004000 08:13 4094602                    /usr/lib/jvm/java-11-openjdk-amd64/lib/libmanagement.so
7f516c069000-7f516c06a000 r--p 00004000 08:13 4094602                    /usr/lib/jvm/java-11-openjdk-amd64/lib/libmanagement.so
7f516c06a000-7f516c06b000 rw-p 00005000 08:13 4094602                    /usr/lib/jvm/java-11-openjdk-amd64/lib/libmanagement.so
7f516c06b000-7f516c873000 rw-p 00000000 00:00 0 
7f516c873000-7f516c874000 ---p 00000000 00:00 0 
7f516c874000-7f516c975000 rw-p 00000000 00:00 0 
7f516c975000-7f516c976000 ---p 00000000 00:00 0 
7f516c976000-7f516cc75000 rw-p 00000000 00:00 0 
7f516cc75000-7f516d91c000 ---p 00000000 00:00 0 
7f516d91c000-7f516d91e000 rw-p 00000000 00:00 0 
7f516d91e000-7f516db1e000 ---p 00000000 00:00 0 
7f516db1e000-7f516e528000 rw-p 00000000 00:00 0 
7f516e528000-7f516e529000 ---p 00000000 00:00 0 
7f516e529000-7f516e62f000 rw-p 00000000 00:00 0 
7f516e62f000-7f516e715000 ---p 00000000 00:00 0 
7f516e715000-7f516e71b000 rw-p 00000000 00:00 0 
7f516e71b000-7f516e800000 ---p 00000000 00:00 0 
7f516e800000-7f516e89a000 r--p 00000000 08:13 3701856                    /usr/lib/x86_64-linux-gnu/libstdc++.so.6.0.30
7f516e89a000-7f516e9aa000 r-xp 0009a000 08:13 3701856                    /usr/lib/x86_64-linux-gnu/libstdc++.so.6.0.30
7f516e9aa000-7f516ea19000 r--p 001aa000 08:13 3701856                    /usr/lib/x86_64-linux-gnu/libstdc++.so.6.0.30
7f516ea19000-7f516ea24000 r--p 00218000 08:13 3701856                    /usr/lib/x86_64-linux-gnu/libstdc++.so.6.0.30
7f516ea24000-7f516ea27000 rw-p 00223000 08:13 3701856                    /usr/lib/x86_64-linux-gnu/libstdc++.so.6.0.30
7f516ea27000-7f516ea2a000 rw-p 00000000 00:00 0 
7f516ea2e000-7f516ea32000 r--p 00000000 08:13 4094606                    /usr/lib/jvm/java-11-openjdk-amd64/lib/libnet.so
7f516ea32000-7f516ea40000 r-xp 00004000 08:13 4094606                    /usr/lib/jvm/java-11-openjdk-amd64/lib/libnet.so
7f516ea40000-7f516ea44000 r--p 00012000 08:13 4094606                    /usr/lib/jvm/java-11-openjdk-amd64/lib/libnet.so
7f516ea44000-7f516ea45000 r--p 00015000 08:13 4094606                    /usr/lib/jvm/java-11-openjdk-amd64/lib/libnet.so
7f516ea45000-7f516ea46000 rw-p 00016000 08:13 4094606                    /usr/lib/jvm/java-11-openjdk-amd64/lib/libnet.so
7f516ea46000-7f516ea4d000 r--p 00000000 08:13 4094607                    /usr/lib/jvm/java-11-openjdk-amd64/lib/libnio.so
7f516ea4d000-7f516ea55000 r-xp 00007000 08:13 4094607                    /usr/lib/jvm/java-11-openjdk-amd64/lib/libnio.so
7f516ea55000-7f516ea58000 r--p 0000f000 08:13 4094607                    /usr/lib/jvm/java-11-openjdk-amd64/lib/libnio.so
7f516ea58000-7f516ea59000 r--p 00011000 08:13 4094607                    /usr/lib/jvm/java-11-openjdk-amd64/lib/libnio.so
7f516ea59000-7f516ea5a000 rw-p 00012000 08:13 4094607                    /usr/lib/jvm/java-11-openjdk-amd64/lib/libnio.so
7f516ea5a000-7f516eaf9000 rw-p 00000000 00:00 0 
7f516eaf9000-7f516eb00000 ---p 00000000 00:00 0 
7f516eb00000-7f516eb04000 ---p 00000000 00:00 0 
7f516eb04000-7f516ec00000 rw-p 00000000 00:00 0 
7f516ec00000-7f516ee82000 r--p 00000000 08:13 4094621                    /usr/lib/jvm/java-11-openjdk-amd64/lib/server/libjvm.so
7f516ee82000-7f516fb1c000 r-xp 00282000 08:13 4094621                    /usr/lib/jvm/java-11-openjdk-amd64/lib/server/libjvm.so
7f516fb1c000-7f516fd77000 r--p 00f1c000 08:13 4094621                    /usr/lib/jvm/java-11-openjdk-amd64/lib/server/libjvm.so
7f516fd77000-7f516fe3b000 r--p 01176000 08:13 4094621                    /usr/lib/jvm/java-11-openjdk-amd64/lib/server/libjvm.so
7f516fe3b000-7f516fe76000 rw-p 0123a000 08:13 4094621                    /usr/lib/jvm/java-11-openjdk-amd64/lib/server/libjvm.so
7f516fe76000-7f516fecd000 rw-p 00000000 00:00 0 
7f516fecf000-7f516fed1000 r--p 00000000 08:13 4094615                    /usr/lib/jvm/java-11-openjdk-amd64/lib/libzip.so
7f516fed1000-7f516fed6000 r-xp 00002000 08:13 4094615                    /usr/lib/jvm/java-11-openjdk-amd64/lib/libzip.so
7f516fed6000-7f516fed8000 r--p 00007000 08:13 4094615                    /usr/lib/jvm/java-11-openjdk-amd64/lib/libzip.so
7f516fed8000-7f516fed9000 r--p 00008000 08:13 4094615                    /usr/lib/jvm/java-11-openjdk-amd64/lib/libzip.so
7f516fed9000-7f516feda000 rw-p 00009000 08:13 4094615                    /usr/lib/jvm/java-11-openjdk-amd64/lib/libzip.so
7f516feda000-7f516fee2000 rw-s 00000000 08:13 1335338                    /tmp/hsperfdata_mekhailmuller/7585
7f516fee2000-7f516fee4000 r--p 00000000 08:13 4094598                    /usr/lib/jvm/java-11-openjdk-amd64/lib/libjimage.so
7f516fee4000-7f516fee7000 r-xp 00002000 08:13 4094598                    /usr/lib/jvm/java-11-openjdk-amd64/lib/libjimage.so
7f516fee7000-7f516fee8000 r--p 00005000 08:13 4094598                    /usr/lib/jvm/java-11-openjdk-amd64/lib/libjimage.so
7f516fee8000-7f516fee9000 ---p 00006000 08:13 4094598                    /usr/lib/jvm/java-11-openjdk-amd64/lib/libjimage.so
7f516fee9000-7f516feea000 r--p 00006000 08:13 4094598                    /usr/lib/jvm/java-11-openjdk-amd64/lib/libjimage.so
7f516feea000-7f516feeb000 rw-p 00007000 08:13 4094598                    /usr/lib/jvm/java-11-openjdk-amd64/lib/libjimage.so
7f516feeb000-7f516fef9000 r--p 00000000 08:13 4094595                    /usr/lib/jvm/java-11-openjdk-amd64/lib/libjava.so
7f516fef9000-7f516ff0f000 r-xp 0000e000 08:13 4094595                    /usr/lib/jvm/java-11-openjdk-amd64/lib/libjava.so
7f516ff0f000-7f516ff16000 r--p 00024000 08:13 4094595                    /usr/lib/jvm/java-11-openjdk-amd64/lib/libjava.so
7f516ff16000-7f516ff17000 r--p 0002a000 08:13 4094595                    /usr/lib/jvm/java-11-openjdk-amd64/lib/libjava.so
7f516ff17000-7f516ff18000 rw-p 0002b000 08:13 4094595                    /usr/lib/jvm/java-11-openjdk-amd64/lib/libjava.so
7f516ff18000-7f516ff19000 rw-p 00000000 00:00 0 
7f516ff19000-7f516ff27000 r--p 00000000 08:13 3701360                    /usr/lib/x86_64-linux-gnu/libm.so.6
7f516ff27000-7f516ffa3000 r-xp 0000e000 08:13 3701360                    /usr/lib/x86_64-linux-gnu/libm.so.6
7f516ffa3000-7f516fffe000 r--p 0008a000 08:13 3701360                    /usr/lib/x86_64-linux-gnu/libm.so.6
7f516fffe000-7f516ffff000 r--p 000e4000 08:13 3701360                    /usr/lib/x86_64-linux-gnu/libm.so.6
7f516ffff000-7f5170000000 rw-p 000e5000 08:13 3701360                    /usr/lib/x86_64-linux-gnu/libm.so.6
7f5170000000-7f5170028000 r--p 00000000 08:13 3700571                    /usr/lib/x86_64-linux-gnu/libc.so.6
7f5170028000-7f51701bd000 r-xp 00028000 08:13 3700571                    /usr/lib/x86_64-linux-gnu/libc.so.6
7f51701bd000-7f5170215000 r--p 001bd000 08:13 3700571                    /usr/lib/x86_64-linux-gnu/libc.so.6
7f5170215000-7f5170219000 r--p 00214000 08:13 3700571                    /usr/lib/x86_64-linux-gnu/libc.so.6
7f5170219000-7f517021b000 rw-p 00218000 08:13 3700571                    /usr/lib/x86_64-linux-gnu/libc.so.6
7f517021b000-7f5170228000 rw-p 00000000 00:00 0 
7f5170228000-7f517022a000 r--s 0000c000 08:13 4094754                    /usr/share/java/java-atk-wrapper.jar
7f517022a000-7f517022b000 r--p 00000000 08:13 3701758                    /usr/lib/x86_64-linux-gnu/librt.so.1
7f517022b000-7f517022c000 r-xp 00001000 08:13 3701758                    /usr/lib/x86_64-linux-gnu/librt.so.1
7f517022c000-7f517022d000 r--p 00002000 08:13 3701758                    /usr/lib/x86_64-linux-gnu/librt.so.1
7f517022d000-7f517022e000 r--p 00002000 08:13 3701758                    /usr/lib/x86_64-linux-gnu/librt.so.1
7f517022e000-7f517022f000 rw-p 00003000 08:13 3701758                    /usr/lib/x86_64-linux-gnu/librt.so.1
7f517022f000-7f5170232000 r--p 00000000 08:13 3700899                    /usr/lib/x86_64-linux-gnu/libgcc_s.so.1
7f5170232000-7f5170249000 r-xp 00003000 08:13 3700899                    /usr/lib/x86_64-linux-gnu/libgcc_s.so.1
7f5170249000-7f517024d000 r--p 0001a000 08:13 3700899                    /usr/lib/x86_64-linux-gnu/libgcc_s.so.1
7f517024d000-7f517024e000 r--p 0001d000 08:13 3700899                    /usr/lib/x86_64-linux-gnu/libgcc_s.so.1
7f517024e000-7f517024f000 rw-p 0001e000 08:13 3700899                    /usr/lib/x86_64-linux-gnu/libgcc_s.so.1
7f517024f000-7f5170251000 rw-p 00000000 00:00 0 
7f5170251000-7f5170253000 r--p 00000000 08:13 3702161                    /usr/lib/x86_64-linux-gnu/libz.so.1.2.11
7f5170253000-7f5170264000 r-xp 00002000 08:13 3702161                    /usr/lib/x86_64-linux-gnu/libz.so.1.2.11
7f5170264000-7f517026a000 r--p 00013000 08:13 3702161                    /usr/lib/x86_64-linux-gnu/libz.so.1.2.11
7f517026a000-7f517026b000 ---p 00019000 08:13 3702161                    /usr/lib/x86_64-linux-gnu/libz.so.1.2.11
7f517026b000-7f517026c000 r--p 00019000 08:13 3702161                    /usr/lib/x86_64-linux-gnu/libz.so.1.2.11
7f517026c000-7f517026d000 rw-p 0001a000 08:13 3702161                    /usr/lib/x86_64-linux-gnu/libz.so.1.2.11
7f517026e000-7f517026f000 ---p 00000000 00:00 0 
7f517026f000-7f5170270000 r--p 00000000 00:00 0 
7f5170270000-7f5170275000 r--p 00000000 08:13 4094614                    /usr/lib/jvm/java-11-openjdk-amd64/lib/libverify.so
7f5170275000-7f517027c000 r-xp 00005000 08:13 4094614                    /usr/lib/jvm/java-11-openjdk-amd64/lib/libverify.so
7f517027c000-7f517027e000 r--p 0000c000 08:13 4094614                    /usr/lib/jvm/java-11-openjdk-amd64/lib/libverify.so
7f517027e000-7f5170280000 r--p 0000d000 08:13 4094614                    /usr/lib/jvm/java-11-openjdk-amd64/lib/libverify.so
7f5170280000-7f5170281000 rw-p 0000f000 08:13 4094614                    /usr/lib/jvm/java-11-openjdk-amd64/lib/libverify.so
7f5170281000-7f5170284000 r--p 00000000 08:13 4094580                    /usr/lib/jvm/java-11-openjdk-amd64/lib/jli/libjli.so
7f5170284000-7f517028e000 r-xp 00003000 08:13 4094580                    /usr/lib/jvm/java-11-openjdk-amd64/lib/jli/libjli.so
7f517028e000-7f5170291000 r--p 0000d000 08:13 4094580                    /usr/lib/jvm/java-11-openjdk-amd64/lib/jli/libjli.so
7f5170291000-7f5170292000 ---p 00010000 08:13 4094580                    /usr/lib/jvm/java-11-openjdk-amd64/lib/jli/libjli.so
7f5170292000-7f5170293000 r--p 00010000 08:13 4094580                    /usr/lib/jvm/java-11-openjdk-amd64/lib/jli/libjli.so
7f5170293000-7f5170294000 rw-p 00011000 08:13 4094580                    /usr/lib/jvm/java-11-openjdk-amd64/lib/jli/libjli.so
7f5170294000-7f5170296000 rw-p 00000000 00:00 0 
7f5170296000-7f5170298000 r--p 00000000 08:13 3700051                    /usr/lib/x86_64-linux-gnu/ld-linux-x86-64.so.2
7f5170298000-7f51702c2000 r-xp 00002000 08:13 3700051                    /usr/lib/x86_64-linux-gnu/ld-linux-x86-64.so.2
7f51702c2000-7f51702cd000 r--p 0002c000 08:13 3700051                    /usr/lib/x86_64-linux-gnu/ld-linux-x86-64.so.2
7f51702ce000-7f51702d0000 r--p 00037000 08:13 3700051                    /usr/lib/x86_64-linux-gnu/ld-linux-x86-64.so.2
7f51702d0000-7f51702d2000 rw-p 00039000 08:13 3700051                    /usr/lib/x86_64-linux-gnu/ld-linux-x86-64.so.2
7ffeb66e5000-7ffeb6706000 rw-p 00000000 00:00 0                          [stack]
7ffeb6776000-7ffeb677a000 r--p 00000000 00:00 0                          [vvar]
7ffeb677a000-7ffeb677c000 r-xp 00000000 00:00 0                          [vdso]
ffffffffff600000-ffffffffff601000 --xp 00000000 00:00 0                  [vsyscall]


VM Arguments:
jvm_args: -Duser.language=en 
java_command: /home/mekhailmuller/.cache/firebase/emulators/firebase-database-emulator-v4.11.0.jar --host 127.0.0.1 --port 5004 --single_project_mode Warning --functions_emulator_host 127.0.0.1 --functions_emulator_port 5005
java_class_path (initial): /home/mekhailmuller/.cache/firebase/emulators/firebase-database-emulator-v4.11.0.jar
Launcher Type: SUN_STANDARD

[Global flags]
     intx CICompilerCount                          = 4                                         {product} {ergonomic}
     uint ConcGCThreads                            = 3                                         {product} {ergonomic}
     uint G1ConcRefinementThreads                  = 10                                        {product} {ergonomic}
   size_t G1HeapRegionSize                         = 2097152                                   {product} {ergonomic}
    uintx GCDrainStackTargetSize                   = 64                                        {product} {ergonomic}
   size_t InitialHeapSize                          = 526385152                                 {product} {ergonomic}
   size_t MarkStackSize                            = 4194304                                   {product} {ergonomic}
   size_t MaxHeapSize                              = 8396996608                                {product} {ergonomic}
   size_t MaxNewSize                               = 5037359104                                {product} {ergonomic}
   size_t MinHeapDeltaBytes                        = 2097152                                   {product} {ergonomic}
    uintx NonNMethodCodeHeapSize                   = 5836300                                {pd product} {ergonomic}
    uintx NonProfiledCodeHeapSize                  = 122910970                              {pd product} {ergonomic}
    uintx ProfiledCodeHeapSize                     = 122910970                              {pd product} {ergonomic}
    uintx ReservedCodeCacheSize                    = 251658240                              {pd product} {ergonomic}
     bool SegmentedCodeCache                       = true                                      {product} {ergonomic}
     bool UseCompressedClassPointers               = true                                 {lp64_product} {ergonomic}
     bool UseCompressedOops                        = true                                 {lp64_product} {ergonomic}
     bool UseG1GC                                  = true                                      {product} {ergonomic}

Logging:
Log output configuration:
 #0: stdout all=warning uptime,level,tags
 #1: stderr all=off uptime,level,tags

Environment Variables:
PATH=/home/mekhailmuller/.local/bin:/usr/local/sbin:/usr/local/bin:/usr/sbin:/usr/bin:/sbin:/bin:/usr/games:/usr/local/games:/snap/bin:/snap/bin
USERNAME=mekhailmuller
SHELL=/bin/bash
DISPLAY=:1
LANG=en_ZA.UTF-8
TERM=xterm-256color

Signal Handlers:
SIGSEGV: [libjvm.so+0xea9a80], sa_mask[0]=11111111011111111101111111111110, sa_flags=SA_RESTART|SA_SIGINFO
SIGBUS: [libjvm.so+0xea9a80], sa_mask[0]=11111111011111111101111111111110, sa_flags=SA_RESTART|SA_SIGINFO
SIGFPE: [libjvm.so+0xea9a80], sa_mask[0]=11111111011111111101111111111110, sa_flags=SA_RESTART|SA_SIGINFO
SIGPIPE: [libjvm.so+0xbecfd0], sa_mask[0]=11111111011111111101111111111110, sa_flags=SA_RESTART|SA_SIGINFO
SIGXFSZ: [libjvm.so+0xbecfd0], sa_mask[0]=11111111011111111101111111111110, sa_flags=SA_RESTART|SA_SIGINFO
SIGILL: [libjvm.so+0xea9a80], sa_mask[0]=11111111011111111101111111111110, sa_flags=SA_RESTART|SA_SIGINFO
SIGUSR2: [libjvm.so+0xbece70], sa_mask[0]=00000000000000000000000000000000, sa_flags=SA_RESTART|SA_SIGINFO
SIGHUP: [libjvm.so+0xbed250], sa_mask[0]=11111111011111111101111111111110, sa_flags=SA_RESTART|SA_SIGINFO
SIGINT: [libjvm.so+0xbed250], sa_mask[0]=11111111011111111101111111111110, sa_flags=SA_RESTART|SA_SIGINFO
SIGTERM: [libjvm.so+0xbed250], sa_mask[0]=11111111011111111101111111111110, sa_flags=SA_RESTART|SA_SIGINFO
SIGQUIT: [libjvm.so+0xbed250], sa_mask[0]=11111111011111111101111111111110, sa_flags=SA_RESTART|SA_SIGINFO


---------------  S Y S T E M  ---------------

OS:DISTRIB_ID=Pop
DISTRIB_RELEASE=22.04
DISTRIB_CODENAME=jammy
DISTRIB_DESCRIPTION="Pop!_OS 22.04 LTS"
uname:Linux 6.2.0-76060200-generic #202302191831~1677858327~22.04~3cea1be SMP PREEMPT_DYNAMIC Fri M x86_64
OS uptime: 0 days 0:02 hours
libc:glibc 2.35 NPTL 2.35 
rlimit (soft/hard): STACK 8192k/infinity , CORE 0k/infinity , NPROC 127581/127581 , NOFILE 1048576/1048576 , AS infinity/infinity , CPU infinity/infinity , DATA infinity/infinity , FSIZE infinity/infinity , MEMLOCK 4099796k/4099796k
load average:1.63 0.78 0.30

/proc/meminfo:
MemTotal:       32798396 kB
MemFree:        23025140 kB
MemAvailable:   24740276 kB
Buffers:          132864 kB
Cached:          3576244 kB
SwapCached:            0 kB
Active:          7153156 kB
Inactive:        1522316 kB
Active(anon):    4950176 kB
Inactive(anon):    78040 kB
Active(file):    2202980 kB
Inactive(file):  1444276 kB
Unevictable:         488 kB
Mlocked:             488 kB
SwapTotal:      20970996 kB
SwapFree:       20970996 kB
Zswap:                 0 kB
Zswapped:              0 kB
Dirty:               560 kB
Writeback:             0 kB
AnonPages:       4967208 kB
Mapped:          1429496 kB
Shmem:             65616 kB
KReclaimable:     165644 kB
Slab:             391500 kB
SReclaimable:     165644 kB
SUnreclaim:       225856 kB
KernelStack:       22560 kB
PageTables:        58828 kB
SecPageTables:         0 kB
NFS_Unstable:          0 kB
Bounce:                0 kB
WritebackTmp:          0 kB
CommitLimit:    37370192 kB
Committed_AS:   15989460 kB
VmallocTotal:   34359738367 kB
VmallocUsed:      238296 kB
VmallocChunk:          0 kB
Percpu:            20864 kB
HardwareCorrupted:     0 kB
AnonHugePages:     28672 kB
ShmemHugePages:        0 kB
ShmemPmdMapped:        0 kB
FileHugePages:         0 kB
FilePmdMapped:         0 kB
HugePages_Total:       0
HugePages_Free:        0
HugePages_Rsvd:        0
HugePages_Surp:        0
Hugepagesize:       2048 kB
Hugetlb:               0 kB
DirectMap4k:      735480 kB
DirectMap2M:    11778048 kB
DirectMap1G:    22020096 kB

/sys/kernel/mm/transparent_hugepage/enabled:
always [madvise] never
/sys/kernel/mm/transparent_hugepage/defrag (defrag/compaction efforts parameter):
always defer defer+madvise [madvise] never

Process Memory:
Virtual Size: 11998860K (peak: 19868004K)
Resident Set Size: 141608K (peak: 141608K) (anon: 113448K, file: 28160K, shmem: 0K)
Swapped out: 0K
C-Heap outstanding allocations: 60484K, retained: 5951K
glibc malloc tunables: (default)

/proc/sys/kernel/threads-max (system-wide limit on the number of threads):
255163
/proc/sys/vm/max_map_count (maximum number of memory map areas a process may have):
65530
/proc/sys/kernel/pid_max (system-wide limit on number of process identifiers):
4194304

container (cgroup) information:
container_type: cgroupv2
cpu_cpuset_cpus: not supported
cpu_memory_nodes: not supported
active_processor_count: 12
cpu_quota: not supported
cpu_period: not supported
cpu_shares: not supported
memory_limit_in_bytes: unlimited
memory_and_swap_limit_in_bytes: unlimited
memory_soft_limit_in_bytes: unlimited
memory_usage_in_bytes: 473520 k
memory_max_usage_in_bytes: not supported
maximum number of tasks: 38274
current number of tasks: 78

Steal ticks since vm start: 0
Steal ticks percentage since vm start:  0.000

CPU:total 12 (initial active 12) (12 cores per cpu, 2 threads per core) family 23 model 1 stepping 1 microcode 0x800111c, cmov, cx8, fxsr, mmx, sse, sse2, sse3, ssse3, sse4.1, sse4.2, popcnt, avx, avx2, aes, clmul, mmxext, 3dnowpref, lzcnt, sse4a, ht, tsc, tscinvbit, tscinv, bmi1, bmi2, adx, sha, fma
CPU Model and flags from /proc/cpuinfo:
model name	: AMD Ryzen 5 1600X Six-Core Processor
flags		: fpu vme de pse tsc msr pae mce cx8 apic sep mtrr pge mca cmov pat pse36 clflush mmx fxsr sse sse2 ht syscall nx mmxext fxsr_opt pdpe1gb rdtscp lm constant_tsc rep_good nopl nonstop_tsc cpuid extd_apicid aperfmperf rapl pni pclmulqdq monitor ssse3 fma cx16 sse4_1 sse4_2 movbe popcnt aes xsave avx f16c rdrand lahf_lm cmp_legacy svm extapic cr8_legacy abm sse4a misalignsse 3dnowprefetch osvw skinit wdt tce topoext perfctr_core perfctr_nb bpext perfctr_llc mwaitx cpb hw_pstate ssbd vmmcall fsgsbase bmi1 avx2 smep bmi2 rdseed adx smap clflushopt sha_ni xsaveopt xsavec xgetbv1 xsaves clzero irperf xsaveerptr arat npt lbrv svm_lock nrip_save tsc_scale vmcb_clean flushbyasid decodeassists pausefilter pfthreshold avic v_vmsave_vmload vgif overflow_recov succor smca sev
Online cpus:
0-11
Offline cpus:
12-15
BIOS frequency limitation:
3600000
Frequency switch latency (ns):
0
Available cpu frequencies:
3600000 3200000 2200000 
Current governor:
schedutil
Core performance/turbo boost:
1

Memory: 4k page, physical 32798396k(23025140k free), swap 20970996k(20970996k free)

vm_info: OpenJDK 64-Bit Server VM (11.0.18+10-post-Ubuntu-0ubuntu122.04) for linux-amd64 JRE (11.0.18+10-post-Ubuntu-0ubuntu122.04), built on Jan 20 2023 09:07:44 by "unknown" with gcc 11.3.0

END.
